Vivado Simulator 2019.1
Time resolution is 1 ps
Error: inputs = 8
 outputs = 1000 (zzzz y_sv)
Error: inputs = 0
 outputs = 0000 (xxxx y_sv)
Error: inputs = 0
 outputs = 0000 (xxxx y_sv)
Error: inputs = 0
 outputs = 0000 (xxxx y_sv)
Error: inputs = 0
 outputs = 0000 (xxxx y_sv)
Error: inputs = 0
 outputs = 0000 (xxxx y_sv)
Error: inputs = 0
 outputs = 0000 (xxxx y_sv)
Error: inputs = 0
 outputs = 0000 (xxxx y_sv)
Error: inputs = 0
 outputs = 0000 (xxxx y_sv)
Error: inputs = 0
 outputs = 0000 (xxxx y_sv)
Error: inputs = 0
 outputs = 0000 (xxxx y_sv)
Error: inputs = 0
 outputs = 0000 (xxxx y_sv)
Error: inputs = 0
 outputs = 0000 (xxxx y_sv)
Error: inputs = 0
 outputs = 0000 (xxxx y_sv)
Error: inputs = 0
 outputs = 0000 (xxxx y_sv)
Error: inputs = 0
 outputs = 0000 (xxxx y_sv)
Error: inputs = 0
 outputs = 0000 (xxxx y_sv)
Error: inputs = 0
 outputs = 0000 (xxxx y_sv)
Error: inputs = 0
 outputs = 0000 (xxxx y_sv)
Error: inputs = 0
 outputs = 0000 (xxxx y_sv)
Error: inputs = 0
 outputs = 0000 (xxxx y_sv)
Error: inputs = 0
 outputs = 0000 (xxxx y_sv)
Error: inputs = 0
 outputs = 0000 (xxxx y_sv)
Error: inputs = 0
 outputs = 0000 (xxxx y_sv)
Error: inputs = 0
 outputs = 0000 (xxxx y_sv)
Error: inputs = 0
 outputs = 0000 (xxxx y_sv)
Error: inputs = 0
 outputs = 0000 (xxxx y_sv)
Error: inputs = 0
 outputs = 0000 (xxxx y_sv)
Error: inputs = 0
 outputs = 0000 (xxxx y_sv)
Error: inputs = 0
 outputs = 0000 (xxxx y_sv)
Error: inputs = 0
 outputs = 0000 (xxxx y_sv)
Error: inputs = 0
 outputs = 0000 (xxxx y_sv)
Error: inputs = 0
 outputs = 0000 (xxxx y_sv)
Error: inputs = 0
 outputs = 0000 (xxxx y_sv)
Error: inputs = 0
 outputs = 0000 (xxxx y_sv)
Error: inputs = 0
 outputs = 0000 (xxxx y_sv)
Error: inputs = 0
 outputs = 0000 (xxxx y_sv)
Error: inputs = 0
 outputs = 0000 (xxxx y_sv)
Error: inputs = 0
 outputs = 0000 (xxxx y_sv)
Error: inputs = 0
 outputs = 0000 (xxxx y_sv)
Error: inputs = 0
 outputs = 0000 (xxxx y_sv)
Error: inputs = 0
 outputs = 0000 (xxxx y_sv)
Error: inputs = 0
 outputs = 0000 (xxxx y_sv)
Error: inputs = 0
 outputs = 0000 (xxxx y_sv)
Error: inputs = 0
 outputs = 0000 (xxxx y_sv)
Error: inputs = 0
 outputs = 0000 (xxxx y_sv)
Error: inputs = 0
 outputs = 0000 (xxxx y_sv)
Error: inputs = 0
 outputs = 0000 (xxxx y_sv)
Error: inputs = 0
 outputs = 0000 (xxxx y_sv)
Error: inputs = 0
 outputs = 0000 (xxxx y_sv)
Error: inputs = 0
 outputs = 0000 (xxxx y_sv)
Error: inputs = 0
 outputs = 0000 (xxxx y_sv)
Error: inputs = 0
 outputs = 0000 (xxxx y_sv)
Error: inputs = 0
 outputs = 0000 (xxxx y_sv)
Error: inputs = 0
 outputs = 0000 (xxxx y_sv)
Error: inputs = 0
 outputs = 0000 (xxxx y_sv)
Error: inputs = 0
 outputs = 0000 (xxxx y_sv)
Error: inputs = 0
 outputs = 0000 (xxxx y_sv)
Error: inputs = 0
 outputs = 0000 (xxxx y_sv)
Error: inputs = 0
 outputs = 0000 (xxxx y_sv)
Error: inputs = 0
 outputs = 0000 (xxxx y_sv)
Error: inputs = 0
 outputs = 0000 (xxxx y_sv)
Error: inputs = 0
 outputs = 0000 (xxxx y_sv)
Error: inputs = 0
 outputs = 0000 (xxxx y_sv)
Error: inputs = 0
 outputs = 0000 (xxxx y_sv)
Error: inputs = 0
 outputs = 0000 (xxxx y_sv)
Error: inputs = 0
 outputs = 0000 (xxxx y_sv)
Error: inputs = 0
 outputs = 0000 (xxxx y_sv)
Error: inputs = 0
 outputs = 0000 (xxxx y_sv)
Error: inputs = 0
 outputs = 0000 (xxxx y_sv)
Error: inputs = 0
 outputs = 0000 (xxxx y_sv)
Error: inputs = 0
 outputs = 0000 (xxxx y_sv)
Error: inputs = 0
 outputs = 0000 (xxxx y_sv)
Error: inputs = 0
 outputs = 0000 (xxxx y_sv)
Error: inputs = 0
 outputs = 0000 (xxxx y_sv)
Error: inputs = 0
 outputs = 0000 (xxxx y_sv)
Error: inputs = 0
 outputs = 0000 (xxxx y_sv)
Error: inputs = 0
 outputs = 0000 (xxxx y_sv)
Error: inputs = 0
 outputs = 0000 (xxxx y_sv)
Error: inputs = 0
 outputs = 0000 (xxxx y_sv)
Error: inputs = 0
 outputs = 0000 (xxxx y_sv)
Error: inputs = 0
 outputs = 0000 (xxxx y_sv)
Error: inputs = 0
 outputs = 0000 (xxxx y_sv)
Error: inputs = 0
 outputs = 0000 (xxxx y_sv)
