Copyright 1986-2019 Xilinx, Inc. All Rights Reserved.
--------------------------------------------------------------------------------------------------------------------------------------------------------------------------------------
| Tool Version : Vivado v.2019.1.1 (win64) Build 2580384 Sat Jun 29 08:12:21 MDT 2019
| Date         : Fri Apr 24 11:11:16 2020
| Host         : DESKTOP-6J0J3T6 running 64-bit major release  (build 9200)
| Command      : report_methodology -file fulladder_nb_top_methodology_drc_routed.rpt -pb fulladder_nb_top_methodology_drc_routed.pb -rpx fulladder_nb_top_methodology_drc_routed.rpx
| Design       : fulladder_nb_top
| Device       : xc7a15tcpg236-2
| Speed File   : -2
| Design State : Fully Routed
--------------------------------------------------------------------------------------------------------------------------------------------------------------------------------------

Report Methodology

Table of Contents
-----------------
1. REPORT SUMMARY
2. REPORT DETAILS

1. REPORT SUMMARY
-----------------
            Netlist: netlist
          Floorplan: design_1
      Design limits: <entire design considered>
             Max violations: <unlimited>
             Violations found: 0
+------+----------+-------------+------------+
| Rule | Severity | Description | Violations |
+------+----------+-------------+------------+
+------+----------+-------------+------------+

2. REPORT DETAILS
-----------------

