Vivado Simulator 2019.1
Time resolution is 1 ps
Error: 00 failed.
Time: 0 ps  Iteration: 0  Process: /TB_HDL_Example_4_34b/Initial18_0  File: C:/Zynq_Book/VHDL_SV_Verilog/HDL Example 4.34b PARAMETERIZED N-BIT MULTIPLEXERS/TB_HDL Example 4_34b.sv
Error: 00 failed.
Time: 0 ps  Iteration: 0  Process: /TB_HDL_Example_4_34b/Initial18_0  File: C:/Zynq_Book/VHDL_SV_Verilog/HDL Example 4.34b PARAMETERIZED N-BIT MULTIPLEXERS/TB_HDL Example 4_34b.sv
Error: 00 failed.
Time: 0 ps  Iteration: 0  Process: /TB_HDL_Example_4_34b/Initial18_0  File: C:/Zynq_Book/VHDL_SV_Verilog/HDL Example 4.34b PARAMETERIZED N-BIT MULTIPLEXERS/TB_HDL Example 4_34b.sv
Error: 01 failed.
Time: 10 ns  Iteration: 0  Process: /TB_HDL_Example_4_34b/Initial18_0  File: C:/Zynq_Book/VHDL_SV_Verilog/HDL Example 4.34b PARAMETERIZED N-BIT MULTIPLEXERS/TB_HDL Example 4_34b.sv
Error: 10 failed.
Time: 20 ns  Iteration: 0  Process: /TB_HDL_Example_4_34b/Initial18_0  File: C:/Zynq_Book/VHDL_SV_Verilog/HDL Example 4.34b PARAMETERIZED N-BIT MULTIPLEXERS/TB_HDL Example 4_34b.sv
Error: 11 failed.
Time: 30 ns  Iteration: 0  Process: /TB_HDL_Example_4_34b/Initial18_0  File: C:/Zynq_Book/VHDL_SV_Verilog/HDL Example 4.34b PARAMETERIZED N-BIT MULTIPLEXERS/TB_HDL Example 4_34b.sv
Error: 00 failed.
Time: 0 ps  Iteration: 0  Process: /TB_HDL_Example_4_34b/Initial18_0  File: C:/Zynq_Book/VHDL_SV_Verilog/HDL Example 4.34b PARAMETERIZED N-BIT MULTIPLEXERS/TB_HDL Example 4_34b.sv
Error: 00 failed.
Time: 0 ps  Iteration: 0  Process: /TB_HDL_Example_4_34b/Initial18_0  File: C:/Zynq_Book/VHDL_SV_Verilog/HDL Example 4.34b PARAMETERIZED N-BIT MULTIPLEXERS/TB_HDL Example 4_34b.sv
Error: 00 failed.
Time: 0 ps  Iteration: 0  Process: /TB_HDL_Example_4_34b/Initial18_0  File: C:/Zynq_Book/VHDL_SV_Verilog/HDL Example 4.34b PARAMETERIZED N-BIT MULTIPLEXERS/TB_HDL Example 4_34b.sv
Error: 01 failed.
Time: 10 ns  Iteration: 0  Process: /TB_HDL_Example_4_34b/Initial18_0  File: C:/Zynq_Book/VHDL_SV_Verilog/HDL Example 4.34b PARAMETERIZED N-BIT MULTIPLEXERS/TB_HDL Example 4_34b.sv
Error: 10 failed.
Time: 20 ns  Iteration: 0  Process: /TB_HDL_Example_4_34b/Initial18_0  File: C:/Zynq_Book/VHDL_SV_Verilog/HDL Example 4.34b PARAMETERIZED N-BIT MULTIPLEXERS/TB_HDL Example 4_34b.sv
Error: 11 failed.
Time: 30 ns  Iteration: 0  Process: /TB_HDL_Example_4_34b/Initial18_0  File: C:/Zynq_Book/VHDL_SV_Verilog/HDL Example 4.34b PARAMETERIZED N-BIT MULTIPLEXERS/TB_HDL Example 4_34b.sv
