Vivado Simulator 2019.1
Time resolution is 1 ps
WARNING: Too many words specified in data file expected_outputs.bin
Error: inputs = f8
 outputs = 11111000 (00001000 y_sv)
Error: inputs = f9
 outputs = 11111001 (00001001 y_sv)
Error: inputs = fa
 outputs = 11111010 (00001010 y_sv)
Error: inputs = fb
 outputs = 11111011 (00001011 y_sv)
Error: inputs = fc
 outputs = 11111100 (00001100 y_sv)
Error: inputs = fd
 outputs = 11111101 (00001101 y_sv)
Error: inputs = fe
 outputs = 11111110 (00001110 y_sv)
Error: inputs = ff
 outputs = 11111111 (00001111 y_sv)
Error: inputs = f0
 outputs = 11110000 (00010000 y_sv)
Error: inputs = f2
 outputs = 11110010 (00010010 y_sv)
Error: inputs = f4
 outputs = 11110100 (00010100 y_sv)
Error: inputs = f6
 outputs = 11110110 (00010110 y_sv)
Error: inputs = f8
 outputs = 11111000 (00011000 y_sv)
Error: inputs = fa
 outputs = 11111010 (00011010 y_sv)
Error: inputs = fc
 outputs = 11111100 (00011100 y_sv)
Error: inputs = fe
 outputs = 11111110 (00011110 y_sv)
Error: inputs = e8
 outputs = 11101000 (00011000 y_sv)
Error: inputs = eb
 outputs = 11101011 (00011011 y_sv)
Error: inputs = ee
 outputs = 11101110 (00011110 y_sv)
Error: inputs = f1
 outputs = 11110001 (00100001 y_sv)
Error: inputs = f4
 outputs = 11110100 (00100100 y_sv)
Error: inputs = f7
 outputs = 11110111 (00100111 y_sv)
Error: inputs = fa
 outputs = 11111010 (00101010 y_sv)
Error: inputs = fd
 outputs = 11111101 (00101101 y_sv)
Error: inputs = e0
 outputs = 11100000 (00100000 y_sv)
Error: inputs = e4
 outputs = 11100100 (00100100 y_sv)
Error: inputs = e8
 outputs = 11101000 (00101000 y_sv)
Error: inputs = ec
 outputs = 11101100 (00101100 y_sv)
Error: inputs = f0
 outputs = 11110000 (00110000 y_sv)
Error: inputs = f4
 outputs = 11110100 (00110100 y_sv)
Error: inputs = f8
 outputs = 11111000 (00111000 y_sv)
Error: inputs = fc
 outputs = 11111100 (00111100 y_sv)
Error: inputs = d8
 outputs = 11011000 (00101000 y_sv)
Error: inputs = dd
 outputs = 11011101 (00101101 y_sv)
Error: inputs = e2
 outputs = 11100010 (00110010 y_sv)
Error: inputs = e7
 outputs = 11100111 (00110111 y_sv)
Error: inputs = ec
 outputs = 11101100 (00111100 y_sv)
Error: inputs = f1
 outputs = 11110001 (01000001 y_sv)
Error: inputs = f6
 outputs = 11110110 (01000110 y_sv)
Error: inputs = fb
 outputs = 11111011 (01001011 y_sv)
