
*** Running vivado
    with args -log and8_top.vds -m64 -product Vivado -mode batch -messageDb vivado.pb -notrace -source and8_top.tcl


****** Vivado v2019.1.1 (64-bit)
  **** SW Build 2580384 on Sat Jun 29 08:12:21 MDT 2019
  **** IP Build 2579722 on Sat Jun 29 11:35:40 MDT 2019
    ** Copyright 1986-2019 Xilinx, Inc. All Rights Reserved.

source and8_top.tcl -notrace
Command: synth_design -top and8_top -part xc7a15tcpg236-1
Starting synth_design
Attempting to get a license for feature 'Synthesis' and/or device 'xc7a15t'
INFO: [Common 17-349] Got license for feature 'Synthesis' and/or device 'xc7a15t'
INFO: [Device 21-403] Loading part xc7a15tcpg236-1
INFO: Launching helper process for spawning children vivado processes
INFO: Helper process launched with PID 7772 
---------------------------------------------------------------------------------
Starting RTL Elaboration : Time (s): cpu = 00:00:04 ; elapsed = 00:00:04 . Memory (MB): peak = 693.320 ; gain = 177.816
---------------------------------------------------------------------------------
INFO: [Synth 8-638] synthesizing module 'and8_top' [C:/Zynq_Book/VHDL_SV_Verilog/HDL Example 4.4 EIGHT-INPUT AND/HDL Example 4.4.srcs/sources_1/imports/HDL Example 4.4 EIGHT-INPUT AND/and8_top.vhd:20]
INFO: [Synth 8-3491] module 'and8_sv' declared at 'C:/Zynq_Book/VHDL_SV_Verilog/HDL Example 4.4 EIGHT-INPUT AND/HDL Example 4.4.srcs/sources_1/imports/HDL Example 4.4 EIGHT-INPUT AND/and8.sv:1' bound to instance 'SV' of component 'and8_sv' [C:/Zynq_Book/VHDL_SV_Verilog/HDL Example 4.4 EIGHT-INPUT AND/HDL Example 4.4.srcs/sources_1/imports/HDL Example 4.4 EIGHT-INPUT AND/and8_top.vhd:52]
INFO: [Synth 8-6157] synthesizing module 'and8_sv' [C:/Zynq_Book/VHDL_SV_Verilog/HDL Example 4.4 EIGHT-INPUT AND/HDL Example 4.4.srcs/sources_1/imports/HDL Example 4.4 EIGHT-INPUT AND/and8.sv:1]
INFO: [Synth 8-6155] done synthesizing module 'and8_sv' (1#1) [C:/Zynq_Book/VHDL_SV_Verilog/HDL Example 4.4 EIGHT-INPUT AND/HDL Example 4.4.srcs/sources_1/imports/HDL Example 4.4 EIGHT-INPUT AND/and8.sv:1]
INFO: [Synth 8-3491] module 'and8_v' declared at 'C:/Zynq_Book/VHDL_SV_Verilog/HDL Example 4.4 EIGHT-INPUT AND/HDL Example 4.4.srcs/sources_1/imports/HDL Example 4.4 EIGHT-INPUT AND/and8.v:1' bound to instance 'V' of component 'and8_v' [C:/Zynq_Book/VHDL_SV_Verilog/HDL Example 4.4 EIGHT-INPUT AND/HDL Example 4.4.srcs/sources_1/imports/HDL Example 4.4 EIGHT-INPUT AND/and8_top.vhd:61]
INFO: [Synth 8-6157] synthesizing module 'and8_v' [C:/Zynq_Book/VHDL_SV_Verilog/HDL Example 4.4 EIGHT-INPUT AND/HDL Example 4.4.srcs/sources_1/imports/HDL Example 4.4 EIGHT-INPUT AND/and8.v:1]
INFO: [Synth 8-6155] done synthesizing module 'and8_v' (2#1) [C:/Zynq_Book/VHDL_SV_Verilog/HDL Example 4.4 EIGHT-INPUT AND/HDL Example 4.4.srcs/sources_1/imports/HDL Example 4.4 EIGHT-INPUT AND/and8.v:1]
INFO: [Synth 8-3491] module 'and8_vhd' declared at 'C:/Zynq_Book/VHDL_SV_Verilog/HDL Example 4.4 EIGHT-INPUT AND/HDL Example 4.4.srcs/sources_1/imports/HDL Example 4.4 EIGHT-INPUT AND/and8.vhd:2' bound to instance 'VHDL' of component 'and8_vhd' [C:/Zynq_Book/VHDL_SV_Verilog/HDL Example 4.4 EIGHT-INPUT AND/HDL Example 4.4.srcs/sources_1/imports/HDL Example 4.4 EIGHT-INPUT AND/and8_top.vhd:69]
INFO: [Synth 8-638] synthesizing module 'and8_vhd' [C:/Zynq_Book/VHDL_SV_Verilog/HDL Example 4.4 EIGHT-INPUT AND/HDL Example 4.4.srcs/sources_1/imports/HDL Example 4.4 EIGHT-INPUT AND/and8.vhd:9]
INFO: [Synth 8-256] done synthesizing module 'and8_vhd' (3#1) [C:/Zynq_Book/VHDL_SV_Verilog/HDL Example 4.4 EIGHT-INPUT AND/HDL Example 4.4.srcs/sources_1/imports/HDL Example 4.4 EIGHT-INPUT AND/and8.vhd:9]
INFO: [Synth 8-256] done synthesizing module 'and8_top' (4#1) [C:/Zynq_Book/VHDL_SV_Verilog/HDL Example 4.4 EIGHT-INPUT AND/HDL Example 4.4.srcs/sources_1/imports/HDL Example 4.4 EIGHT-INPUT AND/and8_top.vhd:20]
---------------------------------------------------------------------------------
Finished RTL Elaboration : Time (s): cpu = 00:00:05 ; elapsed = 00:00:05 . Memory (MB): peak = 757.141 ; gain = 241.637
---------------------------------------------------------------------------------

Report Check Netlist: 
+------+------------------+-------+---------+-------+------------------+
|      |Item              |Errors |Warnings |Status |Description       |
+------+------------------+-------+---------+-------+------------------+
|1     |multi_driven_nets |      0|        0|Passed |Multi driven nets |
+------+------------------+-------+---------+-------+------------------+
---------------------------------------------------------------------------------
Start Handling Custom Attributes
---------------------------------------------------------------------------------
---------------------------------------------------------------------------------
Finished Handling Custom Attributes : Time (s): cpu = 00:00:06 ; elapsed = 00:00:06 . Memory (MB): peak = 757.141 ; gain = 241.637
---------------------------------------------------------------------------------
---------------------------------------------------------------------------------
Finished RTL Optimization Phase 1 : Time (s): cpu = 00:00:06 ; elapsed = 00:00:06 . Memory (MB): peak = 757.141 ; gain = 241.637
---------------------------------------------------------------------------------
INFO: [Project 1-570] Preparing netlist for logic optimization

Processing XDC Constraints
Initializing timing engine
Parsing XDC File [C:/Zynq_Book/VHDL_SV_Verilog/HDL Example 4.4 EIGHT-INPUT AND/HDL Example 4.4.srcs/constrs_1/new/Example_4_4.xdc]
Finished Parsing XDC File [C:/Zynq_Book/VHDL_SV_Verilog/HDL Example 4.4 EIGHT-INPUT AND/HDL Example 4.4.srcs/constrs_1/new/Example_4_4.xdc]
INFO: [Project 1-236] Implementation specific constraints were found while reading constraint file [C:/Zynq_Book/VHDL_SV_Verilog/HDL Example 4.4 EIGHT-INPUT AND/HDL Example 4.4.srcs/constrs_1/new/Example_4_4.xdc]. These constraints will be ignored for synthesis but will be used in implementation. Impacted constraints are listed in the file [.Xil/and8_top_propImpl.xdc].
Resolution: To avoid this warning, move constraints listed in [.Xil/and8_top_propImpl.xdc] to another XDC file and exclude this new file from synthesis with the used_in_synthesis property (File Properties dialog in GUI) and re-run elaboration/synthesis.
Completed Processing XDC Constraints

Netlist sorting complete. Time (s): cpu = 00:00:00 ; elapsed = 00:00:00 . Memory (MB): peak = 834.527 ; gain = 0.000
INFO: [Project 1-111] Unisim Transformation Summary:
No Unisim elements were transformed.

Constraint Validation Runtime : Time (s): cpu = 00:00:00 ; elapsed = 00:00:00.011 . Memory (MB): peak = 834.527 ; gain = 0.000
---------------------------------------------------------------------------------
Finished Constraint Validation : Time (s): cpu = 00:00:11 ; elapsed = 00:00:12 . Memory (MB): peak = 834.527 ; gain = 319.023
---------------------------------------------------------------------------------
---------------------------------------------------------------------------------
Start Loading Part and Timing Information
---------------------------------------------------------------------------------
Loading part: xc7a15tcpg236-1
---------------------------------------------------------------------------------
Finished Loading Part and Timing Information : Time (s): cpu = 00:00:11 ; elapsed = 00:00:12 . Memory (MB): peak = 834.527 ; gain = 319.023
---------------------------------------------------------------------------------
---------------------------------------------------------------------------------
Start Applying 'set_property' XDC Constraints
---------------------------------------------------------------------------------
---------------------------------------------------------------------------------
Finished applying 'set_property' XDC Constraints : Time (s): cpu = 00:00:12 ; elapsed = 00:00:12 . Memory (MB): peak = 834.527 ; gain = 319.023
---------------------------------------------------------------------------------
---------------------------------------------------------------------------------
Finished RTL Optimization Phase 2 : Time (s): cpu = 00:00:12 ; elapsed = 00:00:12 . Memory (MB): peak = 834.527 ; gain = 319.023
---------------------------------------------------------------------------------

Report RTL Partitions: 
+-+--------------+------------+----------+
| |RTL Partition |Replication |Instances |
+-+--------------+------------+----------+
+-+--------------+------------+----------+
---------------------------------------------------------------------------------
Start RTL Component Statistics 
---------------------------------------------------------------------------------
Detailed RTL Component Info : 
---------------------------------------------------------------------------------
Finished RTL Component Statistics 
---------------------------------------------------------------------------------
---------------------------------------------------------------------------------
Start RTL Hierarchical Component Statistics 
---------------------------------------------------------------------------------
Hierarchical RTL Component report 
---------------------------------------------------------------------------------
Finished RTL Hierarchical Component Statistics
---------------------------------------------------------------------------------
---------------------------------------------------------------------------------
Start Part Resource Summary
---------------------------------------------------------------------------------
Part Resources:
DSPs: 45 (col length:60)
BRAMs: 50 (col length: RAMB18 60 RAMB36 30)
---------------------------------------------------------------------------------
Finished Part Resource Summary
---------------------------------------------------------------------------------
---------------------------------------------------------------------------------
Start Cross Boundary and Area Optimization
---------------------------------------------------------------------------------
Warning: Parallel synthesis criteria is not met 
---------------------------------------------------------------------------------
Finished Cross Boundary and Area Optimization : Time (s): cpu = 00:00:13 ; elapsed = 00:00:14 . Memory (MB): peak = 834.527 ; gain = 319.023
---------------------------------------------------------------------------------

Report RTL Partitions: 
+-+--------------+------------+----------+
| |RTL Partition |Replication |Instances |
+-+--------------+------------+----------+
+-+--------------+------------+----------+
---------------------------------------------------------------------------------
Start Applying XDC Timing Constraints
---------------------------------------------------------------------------------
---------------------------------------------------------------------------------
Finished Applying XDC Timing Constraints : Time (s): cpu = 00:00:21 ; elapsed = 00:00:22 . Memory (MB): peak = 843.285 ; gain = 327.781
---------------------------------------------------------------------------------
---------------------------------------------------------------------------------
Start Timing Optimization
---------------------------------------------------------------------------------
---------------------------------------------------------------------------------
Finished Timing Optimization : Time (s): cpu = 00:00:21 ; elapsed = 00:00:22 . Memory (MB): peak = 843.285 ; gain = 327.781
---------------------------------------------------------------------------------

Report RTL Partitions: 
+-+--------------+------------+----------+
| |RTL Partition |Replication |Instances |
+-+--------------+------------+----------+
+-+--------------+------------+----------+
---------------------------------------------------------------------------------
Start Technology Mapping
---------------------------------------------------------------------------------
---------------------------------------------------------------------------------
Finished Technology Mapping : Time (s): cpu = 00:00:21 ; elapsed = 00:00:22 . Memory (MB): peak = 852.813 ; gain = 337.309
---------------------------------------------------------------------------------

Report RTL Partitions: 
+-+--------------+------------+----------+
| |RTL Partition |Replication |Instances |
+-+--------------+------------+----------+
+-+--------------+------------+----------+
---------------------------------------------------------------------------------
Start IO Insertion
---------------------------------------------------------------------------------
---------------------------------------------------------------------------------
Start Flattening Before IO Insertion
---------------------------------------------------------------------------------
---------------------------------------------------------------------------------
Finished Flattening Before IO Insertion
---------------------------------------------------------------------------------
---------------------------------------------------------------------------------
Start Final Netlist Cleanup
---------------------------------------------------------------------------------
---------------------------------------------------------------------------------
Finished Final Netlist Cleanup
---------------------------------------------------------------------------------
---------------------------------------------------------------------------------
Finished IO Insertion : Time (s): cpu = 00:00:23 ; elapsed = 00:00:24 . Memory (MB): peak = 868.676 ; gain = 353.172
---------------------------------------------------------------------------------

Report Check Netlist: 
+------+------------------+-------+---------+-------+------------------+
|      |Item              |Errors |Warnings |Status |Description       |
+------+------------------+-------+---------+-------+------------------+
|1     |multi_driven_nets |      0|        0|Passed |Multi driven nets |
+------+------------------+-------+---------+-------+------------------+
---------------------------------------------------------------------------------
Start Renaming Generated Instances
---------------------------------------------------------------------------------
---------------------------------------------------------------------------------
Finished Renaming Generated Instances : Time (s): cpu = 00:00:23 ; elapsed = 00:00:24 . Memory (MB): peak = 868.676 ; gain = 353.172
---------------------------------------------------------------------------------

Report RTL Partitions: 
+-+--------------+------------+----------+
| |RTL Partition |Replication |Instances |
+-+--------------+------------+----------+
+-+--------------+------------+----------+
---------------------------------------------------------------------------------
Start Rebuilding User Hierarchy
---------------------------------------------------------------------------------
---------------------------------------------------------------------------------
Finished Rebuilding User Hierarchy : Time (s): cpu = 00:00:23 ; elapsed = 00:00:24 . Memory (MB): peak = 868.676 ; gain = 353.172
---------------------------------------------------------------------------------
---------------------------------------------------------------------------------
Start Renaming Generated Ports
---------------------------------------------------------------------------------
---------------------------------------------------------------------------------
Finished Renaming Generated Ports : Time (s): cpu = 00:00:23 ; elapsed = 00:00:24 . Memory (MB): peak = 868.676 ; gain = 353.172
---------------------------------------------------------------------------------
---------------------------------------------------------------------------------
Start Handling Custom Attributes
---------------------------------------------------------------------------------
---------------------------------------------------------------------------------
Finished Handling Custom Attributes : Time (s): cpu = 00:00:23 ; elapsed = 00:00:24 . Memory (MB): peak = 868.676 ; gain = 353.172
---------------------------------------------------------------------------------
---------------------------------------------------------------------------------
Start Renaming Generated Nets
---------------------------------------------------------------------------------
---------------------------------------------------------------------------------
Finished Renaming Generated Nets : Time (s): cpu = 00:00:23 ; elapsed = 00:00:24 . Memory (MB): peak = 868.676 ; gain = 353.172
---------------------------------------------------------------------------------
---------------------------------------------------------------------------------
Start Writing Synthesis Report
---------------------------------------------------------------------------------

Report BlackBoxes: 
+-+--------------+----------+
| |BlackBox name |Instances |
+-+--------------+----------+
+-+--------------+----------+

Report Cell Usage: 
+------+-----+------+
|      |Cell |Count |
+------+-----+------+
|1     |LUT3 |     1|
|2     |LUT4 |     2|
|3     |LUT5 |     2|
|4     |LUT6 |     1|
|5     |IBUF |    24|
|6     |OBUF |     4|
+------+-----+------+

Report Instance Areas: 
+------+---------+---------+------+
|      |Instance |Module   |Cells |
+------+---------+---------+------+
|1     |top      |         |    34|
|2     |  V      |and8_v   |     2|
|3     |  VHDL   |and8_vhd |     2|
+------+---------+---------+------+
---------------------------------------------------------------------------------
Finished Writing Synthesis Report : Time (s): cpu = 00:00:23 ; elapsed = 00:00:24 . Memory (MB): peak = 868.676 ; gain = 353.172
---------------------------------------------------------------------------------
Synthesis finished with 0 errors, 0 critical warnings and 0 warnings.
Synthesis Optimization Runtime : Time (s): cpu = 00:00:15 ; elapsed = 00:00:22 . Memory (MB): peak = 868.676 ; gain = 275.785
Synthesis Optimization Complete : Time (s): cpu = 00:00:23 ; elapsed = 00:00:25 . Memory (MB): peak = 868.676 ; gain = 353.172
INFO: [Project 1-571] Translating synthesized netlist
INFO: [Project 1-570] Preparing netlist for logic optimization
INFO: [Opt 31-138] Pushed 0 inverter(s) to 0 load pin(s).
Netlist sorting complete. Time (s): cpu = 00:00:00 ; elapsed = 00:00:00 . Memory (MB): peak = 884.711 ; gain = 0.000
INFO: [Project 1-111] Unisim Transformation Summary:
No Unisim elements were transformed.

INFO: [Common 17-83] Releasing license: Synthesis
21 Infos, 0 Warnings, 0 Critical Warnings and 0 Errors encountered.
synth_design completed successfully
synth_design: Time (s): cpu = 00:00:28 ; elapsed = 00:00:31 . Memory (MB): peak = 884.711 ; gain = 587.695
Netlist sorting complete. Time (s): cpu = 00:00:00 ; elapsed = 00:00:00 . Memory (MB): peak = 884.711 ; gain = 0.000
WARNING: [Constraints 18-5210] No constraints selected for write.
Resolution: This message can indicate that there are no constraints for the design, or it can indicate that the used_in flags are set such that the constraints are ignored. This later case is used when running synth_design to not write synthesis constraints to the resulting checkpoint. Instead, project constraints are read when the synthesized design is opened.
INFO: [Common 17-1381] The checkpoint 'C:/Zynq_Book/VHDL_SV_Verilog/HDL Example 4.4 EIGHT-INPUT AND/HDL Example 4.4.runs/synth_1/and8_top.dcp' has been generated.
INFO: [runtcl-4] Executing : report_utilization -file and8_top_utilization_synth.rpt -pb and8_top_utilization_synth.pb
INFO: [Common 17-206] Exiting Vivado at Tue Jan  7 17:11:20 2020...
