
*** Running vivado
    with args -log mux2_8_top.vds -m64 -product Vivado -mode batch -messageDb vivado.pb -notrace -source mux2_8_top.tcl


****** Vivado v2019.1.1 (64-bit)
  **** SW Build 2580384 on Sat Jun 29 08:12:21 MDT 2019
  **** IP Build 2579722 on Sat Jun 29 11:35:40 MDT 2019
    ** Copyright 1986-2019 Xilinx, Inc. All Rights Reserved.

source mux2_8_top.tcl -notrace
Command: synth_design -top mux2_8_top -part xc7a15tcpg236-2
Starting synth_design
Attempting to get a license for feature 'Synthesis' and/or device 'xc7a15t'
INFO: [Common 17-349] Got license for feature 'Synthesis' and/or device 'xc7a15t'
INFO: Launching helper process for spawning children vivado processes
INFO: Helper process launched with PID 9292 
---------------------------------------------------------------------------------
Starting Synthesize : Time (s): cpu = 00:00:03 ; elapsed = 00:00:04 . Memory (MB): peak = 464.730 ; gain = 171.578
---------------------------------------------------------------------------------
INFO: [Synth 8-638] synthesizing module 'mux2_8_top' [C:/Zynq_Book/VHDL_SV_Verilog/HDL Example 4.16 ACCESSING PARTS OF BUSSES/HDL Example 4.16 ACCESSING PARTS OF BUSSES.srcs/sources_1/imports/HDL Example 4.16 ACCESSING PARTS OF BUSSES/mux2_8_top.vhd:21]
INFO: [Synth 8-3491] module 'mux2_8_sv' declared at 'C:/Zynq_Book/VHDL_SV_Verilog/HDL Example 4.16 ACCESSING PARTS OF BUSSES/HDL Example 4.16 ACCESSING PARTS OF BUSSES.srcs/sources_1/imports/HDL Example 4.16 ACCESSING PARTS OF BUSSES/mux2_8.sv:1' bound to instance 'SV' of component 'mux2_8_sv' [C:/Zynq_Book/VHDL_SV_Verilog/HDL Example 4.16 ACCESSING PARTS OF BUSSES/HDL Example 4.16 ACCESSING PARTS OF BUSSES.srcs/sources_1/imports/HDL Example 4.16 ACCESSING PARTS OF BUSSES/mux2_8_top.vhd:54]
INFO: [Synth 8-6157] synthesizing module 'mux2_8_sv' [C:/Zynq_Book/VHDL_SV_Verilog/HDL Example 4.16 ACCESSING PARTS OF BUSSES/HDL Example 4.16 ACCESSING PARTS OF BUSSES.srcs/sources_1/imports/HDL Example 4.16 ACCESSING PARTS OF BUSSES/mux2_8.sv:1]
INFO: [Synth 8-6157] synthesizing module 'mux2_sv' [C:/Zynq_Book/VHDL_SV_Verilog/HDL Example 4.16 ACCESSING PARTS OF BUSSES/HDL Example 4.16 ACCESSING PARTS OF BUSSES.srcs/sources_1/imports/HDL Example 4.16 ACCESSING PARTS OF BUSSES/mux2/mux2.sv:1]
INFO: [Synth 8-6155] done synthesizing module 'mux2_sv' (1#1) [C:/Zynq_Book/VHDL_SV_Verilog/HDL Example 4.16 ACCESSING PARTS OF BUSSES/HDL Example 4.16 ACCESSING PARTS OF BUSSES.srcs/sources_1/imports/HDL Example 4.16 ACCESSING PARTS OF BUSSES/mux2/mux2.sv:1]
INFO: [Synth 8-6155] done synthesizing module 'mux2_8_sv' (2#1) [C:/Zynq_Book/VHDL_SV_Verilog/HDL Example 4.16 ACCESSING PARTS OF BUSSES/HDL Example 4.16 ACCESSING PARTS OF BUSSES.srcs/sources_1/imports/HDL Example 4.16 ACCESSING PARTS OF BUSSES/mux2_8.sv:1]
INFO: [Synth 8-3491] module 'mux2_8_v' declared at 'C:/Zynq_Book/VHDL_SV_Verilog/HDL Example 4.16 ACCESSING PARTS OF BUSSES/HDL Example 4.16 ACCESSING PARTS OF BUSSES.srcs/sources_1/imports/HDL Example 4.16 ACCESSING PARTS OF BUSSES/mux2_8.v:1' bound to instance 'V' of component 'mux2_8_v' [C:/Zynq_Book/VHDL_SV_Verilog/HDL Example 4.16 ACCESSING PARTS OF BUSSES/HDL Example 4.16 ACCESSING PARTS OF BUSSES.srcs/sources_1/imports/HDL Example 4.16 ACCESSING PARTS OF BUSSES/mux2_8_top.vhd:64]
INFO: [Synth 8-6157] synthesizing module 'mux2_8_v' [C:/Zynq_Book/VHDL_SV_Verilog/HDL Example 4.16 ACCESSING PARTS OF BUSSES/HDL Example 4.16 ACCESSING PARTS OF BUSSES.srcs/sources_1/imports/HDL Example 4.16 ACCESSING PARTS OF BUSSES/mux2_8.v:1]
INFO: [Synth 8-6157] synthesizing module 'mux2_v' [C:/Zynq_Book/VHDL_SV_Verilog/HDL Example 4.16 ACCESSING PARTS OF BUSSES/HDL Example 4.16 ACCESSING PARTS OF BUSSES.srcs/sources_1/imports/HDL Example 4.16 ACCESSING PARTS OF BUSSES/mux2/mux2.v:1]
INFO: [Synth 8-6155] done synthesizing module 'mux2_v' (3#1) [C:/Zynq_Book/VHDL_SV_Verilog/HDL Example 4.16 ACCESSING PARTS OF BUSSES/HDL Example 4.16 ACCESSING PARTS OF BUSSES.srcs/sources_1/imports/HDL Example 4.16 ACCESSING PARTS OF BUSSES/mux2/mux2.v:1]
INFO: [Synth 8-6155] done synthesizing module 'mux2_8_v' (4#1) [C:/Zynq_Book/VHDL_SV_Verilog/HDL Example 4.16 ACCESSING PARTS OF BUSSES/HDL Example 4.16 ACCESSING PARTS OF BUSSES.srcs/sources_1/imports/HDL Example 4.16 ACCESSING PARTS OF BUSSES/mux2_8.v:1]
INFO: [Synth 8-3491] module 'mux2_8_vhd' declared at 'C:/Zynq_Book/VHDL_SV_Verilog/HDL Example 4.16 ACCESSING PARTS OF BUSSES/HDL Example 4.16 ACCESSING PARTS OF BUSSES.srcs/sources_1/imports/HDL Example 4.16 ACCESSING PARTS OF BUSSES/mux2_8.vhd:2' bound to instance 'VHDL' of component 'mux2_8_vhd' [C:/Zynq_Book/VHDL_SV_Verilog/HDL Example 4.16 ACCESSING PARTS OF BUSSES/HDL Example 4.16 ACCESSING PARTS OF BUSSES.srcs/sources_1/imports/HDL Example 4.16 ACCESSING PARTS OF BUSSES/mux2_8_top.vhd:74]
INFO: [Synth 8-638] synthesizing module 'mux2_8_vhd' [C:/Zynq_Book/VHDL_SV_Verilog/HDL Example 4.16 ACCESSING PARTS OF BUSSES/HDL Example 4.16 ACCESSING PARTS OF BUSSES.srcs/sources_1/imports/HDL Example 4.16 ACCESSING PARTS OF BUSSES/mux2_8.vhd:11]
INFO: [Synth 8-3491] module 'mux2_vhd' declared at 'C:/Zynq_Book/VHDL_SV_Verilog/HDL Example 4.16 ACCESSING PARTS OF BUSSES/HDL Example 4.16 ACCESSING PARTS OF BUSSES.srcs/sources_1/imports/HDL Example 4.16 ACCESSING PARTS OF BUSSES/mux2/mux2.vhd:2' bound to instance 'lsbmux' of component 'mux2_vhd' [C:/Zynq_Book/VHDL_SV_Verilog/HDL Example 4.16 ACCESSING PARTS OF BUSSES/HDL Example 4.16 ACCESSING PARTS OF BUSSES.srcs/sources_1/imports/HDL Example 4.16 ACCESSING PARTS OF BUSSES/mux2_8.vhd:24]
INFO: [Synth 8-638] synthesizing module 'mux2_vhd' [C:/Zynq_Book/VHDL_SV_Verilog/HDL Example 4.16 ACCESSING PARTS OF BUSSES/HDL Example 4.16 ACCESSING PARTS OF BUSSES.srcs/sources_1/imports/HDL Example 4.16 ACCESSING PARTS OF BUSSES/mux2/mux2.vhd:12]
INFO: [Synth 8-256] done synthesizing module 'mux2_vhd' (5#1) [C:/Zynq_Book/VHDL_SV_Verilog/HDL Example 4.16 ACCESSING PARTS OF BUSSES/HDL Example 4.16 ACCESSING PARTS OF BUSSES.srcs/sources_1/imports/HDL Example 4.16 ACCESSING PARTS OF BUSSES/mux2/mux2.vhd:12]
INFO: [Synth 8-3491] module 'mux2_vhd' declared at 'C:/Zynq_Book/VHDL_SV_Verilog/HDL Example 4.16 ACCESSING PARTS OF BUSSES/HDL Example 4.16 ACCESSING PARTS OF BUSSES.srcs/sources_1/imports/HDL Example 4.16 ACCESSING PARTS OF BUSSES/mux2/mux2.vhd:2' bound to instance 'msbmux' of component 'mux2_vhd' [C:/Zynq_Book/VHDL_SV_Verilog/HDL Example 4.16 ACCESSING PARTS OF BUSSES/HDL Example 4.16 ACCESSING PARTS OF BUSSES.srcs/sources_1/imports/HDL Example 4.16 ACCESSING PARTS OF BUSSES/mux2_8.vhd:32]
INFO: [Synth 8-256] done synthesizing module 'mux2_8_vhd' (6#1) [C:/Zynq_Book/VHDL_SV_Verilog/HDL Example 4.16 ACCESSING PARTS OF BUSSES/HDL Example 4.16 ACCESSING PARTS OF BUSSES.srcs/sources_1/imports/HDL Example 4.16 ACCESSING PARTS OF BUSSES/mux2_8.vhd:11]
INFO: [Synth 8-256] done synthesizing module 'mux2_8_top' (7#1) [C:/Zynq_Book/VHDL_SV_Verilog/HDL Example 4.16 ACCESSING PARTS OF BUSSES/HDL Example 4.16 ACCESSING PARTS OF BUSSES.srcs/sources_1/imports/HDL Example 4.16 ACCESSING PARTS OF BUSSES/mux2_8_top.vhd:21]
---------------------------------------------------------------------------------
Finished Synthesize : Time (s): cpu = 00:00:04 ; elapsed = 00:00:05 . Memory (MB): peak = 527.109 ; gain = 233.957
---------------------------------------------------------------------------------
---------------------------------------------------------------------------------
Finished Constraint Validation : Time (s): cpu = 00:00:05 ; elapsed = 00:00:05 . Memory (MB): peak = 527.109 ; gain = 233.957
---------------------------------------------------------------------------------
---------------------------------------------------------------------------------
Start Loading Part and Timing Information
---------------------------------------------------------------------------------
Loading part: xc7a15tcpg236-2
---------------------------------------------------------------------------------
Finished Loading Part and Timing Information : Time (s): cpu = 00:00:05 ; elapsed = 00:00:05 . Memory (MB): peak = 527.109 ; gain = 233.957
---------------------------------------------------------------------------------
INFO: [Device 21-403] Loading part xc7a15tcpg236-2
---------------------------------------------------------------------------------
Finished RTL Optimization Phase 2 : Time (s): cpu = 00:00:05 ; elapsed = 00:00:06 . Memory (MB): peak = 527.109 ; gain = 233.957
---------------------------------------------------------------------------------

Report RTL Partitions: 
+-+--------------+------------+----------+
| |RTL Partition |Replication |Instances |
+-+--------------+------------+----------+
+-+--------------+------------+----------+
No constraint files found.
---------------------------------------------------------------------------------
Start RTL Component Statistics 
---------------------------------------------------------------------------------
Detailed RTL Component Info : 
+---Muxes : 
	   2 Input      4 Bit        Muxes := 6     
---------------------------------------------------------------------------------
Finished RTL Component Statistics 
---------------------------------------------------------------------------------
---------------------------------------------------------------------------------
Start RTL Hierarchical Component Statistics 
---------------------------------------------------------------------------------
Hierarchical RTL Component report 
Module mux2_sv 
Detailed RTL Component Info : 
+---Muxes : 
	   2 Input      4 Bit        Muxes := 1     
Module mux2_v 
Detailed RTL Component Info : 
+---Muxes : 
	   2 Input      4 Bit        Muxes := 1     
Module mux2_vhd 
Detailed RTL Component Info : 
+---Muxes : 
	   2 Input      4 Bit        Muxes := 1     
---------------------------------------------------------------------------------
Finished RTL Hierarchical Component Statistics
---------------------------------------------------------------------------------
---------------------------------------------------------------------------------
Start Part Resource Summary
---------------------------------------------------------------------------------
Part Resources:
DSPs: 45 (col length:60)
BRAMs: 50 (col length: RAMB18 60 RAMB36 30)
---------------------------------------------------------------------------------
Finished Part Resource Summary
---------------------------------------------------------------------------------
No constraint files found.
---------------------------------------------------------------------------------
Start Cross Boundary and Area Optimization
---------------------------------------------------------------------------------
Warning: Parallel synthesis criteria is not met 
---------------------------------------------------------------------------------
Finished Cross Boundary and Area Optimization : Time (s): cpu = 00:00:08 ; elapsed = 00:00:09 . Memory (MB): peak = 662.000 ; gain = 368.848
---------------------------------------------------------------------------------

Report RTL Partitions: 
+-+--------------+------------+----------+
| |RTL Partition |Replication |Instances |
+-+--------------+------------+----------+
+-+--------------+------------+----------+
No constraint files found.
---------------------------------------------------------------------------------
Start Timing Optimization
---------------------------------------------------------------------------------
---------------------------------------------------------------------------------
Finished Timing Optimization : Time (s): cpu = 00:00:08 ; elapsed = 00:00:09 . Memory (MB): peak = 662.934 ; gain = 369.781
---------------------------------------------------------------------------------

Report RTL Partitions: 
+-+--------------+------------+----------+
| |RTL Partition |Replication |Instances |
+-+--------------+------------+----------+
+-+--------------+------------+----------+
---------------------------------------------------------------------------------
Start Technology Mapping
---------------------------------------------------------------------------------
---------------------------------------------------------------------------------
Finished Technology Mapping : Time (s): cpu = 00:00:08 ; elapsed = 00:00:09 . Memory (MB): peak = 662.934 ; gain = 369.781
---------------------------------------------------------------------------------

Report RTL Partitions: 
+-+--------------+------------+----------+
| |RTL Partition |Replication |Instances |
+-+--------------+------------+----------+
+-+--------------+------------+----------+
---------------------------------------------------------------------------------
Start IO Insertion
---------------------------------------------------------------------------------
---------------------------------------------------------------------------------
Start Flattening Before IO Insertion
---------------------------------------------------------------------------------
---------------------------------------------------------------------------------
Finished Flattening Before IO Insertion
---------------------------------------------------------------------------------
---------------------------------------------------------------------------------
Start Final Netlist Cleanup
---------------------------------------------------------------------------------
---------------------------------------------------------------------------------
Finished Final Netlist Cleanup
---------------------------------------------------------------------------------
---------------------------------------------------------------------------------
Finished IO Insertion : Time (s): cpu = 00:00:11 ; elapsed = 00:00:12 . Memory (MB): peak = 663.926 ; gain = 370.773
---------------------------------------------------------------------------------

Report Check Netlist: 
+------+------------------+-------+---------+-------+------------------+
|      |Item              |Errors |Warnings |Status |Description       |
+------+------------------+-------+---------+-------+------------------+
|1     |multi_driven_nets |      0|        0|Passed |Multi driven nets |
+------+------------------+-------+---------+-------+------------------+
---------------------------------------------------------------------------------
Start Renaming Generated Instances
---------------------------------------------------------------------------------
---------------------------------------------------------------------------------
Finished Renaming Generated Instances : Time (s): cpu = 00:00:11 ; elapsed = 00:00:12 . Memory (MB): peak = 663.926 ; gain = 370.773
---------------------------------------------------------------------------------

Report RTL Partitions: 
+-+--------------+------------+----------+
| |RTL Partition |Replication |Instances |
+-+--------------+------------+----------+
+-+--------------+------------+----------+
---------------------------------------------------------------------------------
Start Rebuilding User Hierarchy
---------------------------------------------------------------------------------
---------------------------------------------------------------------------------
Finished Rebuilding User Hierarchy : Time (s): cpu = 00:00:11 ; elapsed = 00:00:12 . Memory (MB): peak = 663.926 ; gain = 370.773
---------------------------------------------------------------------------------
---------------------------------------------------------------------------------
Start Renaming Generated Ports
---------------------------------------------------------------------------------
---------------------------------------------------------------------------------
Finished Renaming Generated Ports : Time (s): cpu = 00:00:11 ; elapsed = 00:00:12 . Memory (MB): peak = 663.926 ; gain = 370.773
---------------------------------------------------------------------------------
---------------------------------------------------------------------------------
Start Handling Custom Attributes
---------------------------------------------------------------------------------
---------------------------------------------------------------------------------
Finished Handling Custom Attributes : Time (s): cpu = 00:00:11 ; elapsed = 00:00:12 . Memory (MB): peak = 663.926 ; gain = 370.773
---------------------------------------------------------------------------------
---------------------------------------------------------------------------------
Start Renaming Generated Nets
---------------------------------------------------------------------------------
---------------------------------------------------------------------------------
Finished Renaming Generated Nets : Time (s): cpu = 00:00:11 ; elapsed = 00:00:12 . Memory (MB): peak = 663.926 ; gain = 370.773
---------------------------------------------------------------------------------
---------------------------------------------------------------------------------
Start Writing Synthesis Report
---------------------------------------------------------------------------------

Report BlackBoxes: 
+-+--------------+----------+
| |BlackBox name |Instances |
+-+--------------+----------+
+-+--------------+----------+

Report Cell Usage: 
+------+-----+------+
|      |Cell |Count |
+------+-----+------+
|1     |LUT3 |    24|
|2     |IBUF |    51|
|3     |OBUF |    24|
+------+-----+------+

Report Instance Areas: 
+------+-----------+-----------+------+
|      |Instance   |Module     |Cells |
+------+-----------+-----------+------+
|1     |top        |           |    99|
|2     |  SV       |mux2_8_sv  |     8|
|3     |    lsbmux |mux2_sv    |     4|
|4     |    msbmux |mux2_sv_2  |     4|
|5     |  V        |mux2_8_v   |     8|
|6     |    lsbmux |mux2_v     |     4|
|7     |    msbmux |mux2_v_1   |     4|
|8     |  VHDL     |mux2_8_vhd |     8|
|9     |    lsbmux |mux2_vhd   |     4|
|10    |    msbmux |mux2_vhd_0 |     4|
+------+-----------+-----------+------+
---------------------------------------------------------------------------------
Finished Writing Synthesis Report : Time (s): cpu = 00:00:11 ; elapsed = 00:00:12 . Memory (MB): peak = 663.926 ; gain = 370.773
---------------------------------------------------------------------------------
Synthesis finished with 0 errors, 0 critical warnings and 0 warnings.
Synthesis Optimization Runtime : Time (s): cpu = 00:00:11 ; elapsed = 00:00:12 . Memory (MB): peak = 663.926 ; gain = 370.773
Synthesis Optimization Complete : Time (s): cpu = 00:00:11 ; elapsed = 00:00:12 . Memory (MB): peak = 663.926 ; gain = 370.773
INFO: [Project 1-571] Translating synthesized netlist
INFO: [Project 1-570] Preparing netlist for logic optimization
INFO: [Opt 31-138] Pushed 0 inverter(s) to 0 load pin(s).
Netlist sorting complete. Time (s): cpu = 00:00:00 ; elapsed = 00:00:00 . Memory (MB): peak = 778.672 ; gain = 0.000
INFO: [Project 1-111] Unisim Transformation Summary:
No Unisim elements were transformed.

INFO: [Common 17-83] Releasing license: Synthesis
26 Infos, 0 Warnings, 0 Critical Warnings and 0 Errors encountered.
synth_design completed successfully
synth_design: Time (s): cpu = 00:00:15 ; elapsed = 00:00:17 . Memory (MB): peak = 778.672 ; gain = 485.520
Netlist sorting complete. Time (s): cpu = 00:00:00 ; elapsed = 00:00:00 . Memory (MB): peak = 778.672 ; gain = 0.000
WARNING: [Constraints 18-5210] No constraints selected for write.
Resolution: This message can indicate that there are no constraints for the design, or it can indicate that the used_in flags are set such that the constraints are ignored. This later case is used when running synth_design to not write synthesis constraints to the resulting checkpoint. Instead, project constraints are read when the synthesized design is opened.
INFO: [Common 17-1381] The checkpoint 'C:/Zynq_Book/VHDL_SV_Verilog/HDL Example 4.16 ACCESSING PARTS OF BUSSES/HDL Example 4.16 ACCESSING PARTS OF BUSSES.runs/synth_1/mux2_8_top.dcp' has been generated.
INFO: [runtcl-4] Executing : report_utilization -file mux2_8_top_utilization_synth.rpt -pb mux2_8_top_utilization_synth.pb
INFO: [Common 17-206] Exiting Vivado at Mon Feb  3 06:20:05 2020...
