Vivado Simulator 2019.1
Time resolution is 1 ps
Error: inputs = 0000100000000001101
 outputs = 000001101 (001111101 expected)
Error: inputs = 0xxxxxxxxxxxxxxx101
 outputs = xxxxxx101 (xxxxxxxxx expected)
Error: inputs = 0xxxxxxxxxxxxxxx101
 outputs = xxxxxx101 (xxxxxxxxx expected)
Error: inputs = 0xxxxxxxxxxxxxxx101
 outputs = xxxxxx101 (xxxxxxxxx expected)
Error: inputs = 0xxxxxxxxxxxxxxx101
 outputs = xxxxxx101 (xxxxxxxxx expected)
Error: inputs = 0xxxxxxxxxxxxxxx101
 outputs = xxxxxx101 (xxxxxxxxx expected)
Error: inputs = 0xxxxxxxxxxxxxxx101
 outputs = xxxxxx101 (xxxxxxxxx expected)
Error: inputs = 0xxxxxxxxxxxxxxx101
 outputs = xxxxxx101 (xxxxxxxxx expected)
Error: inputs = 0xxxxxxxxxxxxxxx101
 outputs = xxxxxx101 (xxxxxxxxx expected)
Error: inputs = 0xxxxxxxxxxxxxxx101
 outputs = xxxxxx101 (xxxxxxxxx expected)
Error: inputs = 0xxxxxxxxxxxxxxx101
 outputs = xxxxxx101 (xxxxxxxxx expected)
Error: inputs = 0xxxxxxxxxxxxxxx101
 outputs = xxxxxx101 (xxxxxxxxx expected)
Error: inputs = 0xxxxxxxxxxxxxxx101
 outputs = xxxxxx101 (xxxxxxxxx expected)
Error: inputs = 0xxxxxxxxxxxxxxx101
 outputs = xxxxxx101 (xxxxxxxxx expected)
Error: inputs = 0xxxxxxxxxxxxxxx101
 outputs = xxxxxx101 (xxxxxxxxx expected)
Error: inputs = 0xxxxxxxxxxxxxxx101
 outputs = xxxxxx101 (xxxxxxxxx expected)
Error: inputs = 0xxxxxxxxxxxxxxx101
 outputs = xxxxxx101 (xxxxxxxxx expected)
Error: inputs = 0xxxxxxxxxxxxxxx101
 outputs = xxxxxx101 (xxxxxxxxx expected)
Error: inputs = 0xxxxxxxxxxxxxxx101
 outputs = xxxxxx101 (xxxxxxxxx expected)
Error: inputs = 0xxxxxxxxxxxxxxx101
 outputs = xxxxxx101 (xxxxxxxxx expected)
Error: inputs = 0xxxxxxxxxxxxxxx101
 outputs = xxxxxx101 (xxxxxxxxx expected)
Error: inputs = 0xxxxxxxxxxxxxxx101
 outputs = xxxxxx101 (xxxxxxxxx expected)
Error: inputs = 0xxxxxxxxxxxxxxx101
 outputs = xxxxxx101 (xxxxxxxxx expected)
Error: inputs = 0xxxxxxxxxxxxxxx101
 outputs = xxxxxx101 (xxxxxxxxx expected)
Error: inputs = 0xxxxxxxxxxxxxxx101
 outputs = xxxxxx101 (xxxxxxxxx expected)
Error: inputs = 0xxxxxxxxxxxxxxx101
 outputs = xxxxxx101 (xxxxxxxxx expected)
Error: inputs = 0xxxxxxxxxxxxxxx101
 outputs = xxxxxx101 (xxxxxxxxx expected)
Error: inputs = 0xxxxxxxxxxxxxxx101
 outputs = xxxxxx101 (xxxxxxxxx expected)
Error: inputs = 0xxxxxxxxxxxxxxx101
 outputs = xxxxxx101 (xxxxxxxxx expected)
Error: inputs = 0xxxxxxxxxxxxxxx101
 outputs = xxxxxx101 (xxxxxxxxx expected)
Error: inputs = 0xxxxxxxxxxxxxxx101
 outputs = xxxxxx101 (xxxxxxxxx expected)
Error: inputs = 0xxxxxxxxxxxxxxx101
 outputs = xxxxxx101 (xxxxxxxxx expected)
Error: inputs = 0xxxxxxxxxxxxxxx101
 outputs = xxxxxx101 (xxxxxxxxx expected)
Error: inputs = 0xxxxxxxxxxxxxxx101
 outputs = xxxxxx101 (xxxxxxxxx expected)
Error: inputs = 0xxxxxxxxxxxxxxx101
 outputs = xxxxxx101 (xxxxxxxxx expected)
Error: inputs = 0xxxxxxxxxxxxxxx101
 outputs = xxxxxx101 (xxxxxxxxx expected)
Error: inputs = 0xxxxxxxxxxxxxxx101
 outputs = xxxxxx101 (xxxxxxxxx expected)
Error: inputs = 0xxxxxxxxxxxxxxx101
 outputs = xxxxxx101 (xxxxxxxxx expected)
Error: inputs = 0xxxxxxxxxxxxxxx101
 outputs = xxxxxx101 (xxxxxxxxx expected)
Error: inputs = 0xxxxxxxxxxxxxxx101
 outputs = xxxxxx101 (xxxxxxxxx expected)
Error: inputs = 0xxxxxxxxxxxxxxx101
 outputs = xxxxxx101 (xxxxxxxxx expected)
Error: inputs = 0xxxxxxxxxxxxxxx101
 outputs = xxxxxx101 (xxxxxxxxx expected)
Error: inputs = 0xxxxxxxxxxxxxxx101
 outputs = xxxxxx101 (xxxxxxxxx expected)
Error: inputs = 0xxxxxxxxxxxxxxx101
 outputs = xxxxxx101 (xxxxxxxxx expected)
Error: inputs = 0xxxxxxxxxxxxxxx101
 outputs = xxxxxx101 (xxxxxxxxx expected)
Error: inputs = 0xxxxxxxxxxxxxxx101
 outputs = xxxxxx101 (xxxxxxxxx expected)
Error: inputs = 0xxxxxxxxxxxxxxx101
 outputs = xxxxxx101 (xxxxxxxxx expected)
Error: inputs = 0xxxxxxxxxxxxxxx101
 outputs = xxxxxx101 (xxxxxxxxx expected)
Error: inputs = 0xxxxxxxxxxxxxxx101
 outputs = xxxxxx101 (xxxxxxxxx expected)
Error: inputs = 0xxxxxxxxxxxxxxx101
 outputs = xxxxxx101 (xxxxxxxxx expected)
Error: inputs = 0xxxxxxxxxxxxxxx101
 outputs = xxxxxx101 (xxxxxxxxx expected)
Error: inputs = 0xxxxxxxxxxxxxxx101
 outputs = xxxxxx101 (xxxxxxxxx ex