Vivado Simulator 2019.1
Copyright 1986-1999, 2001-2019 Xilinx, Inc. All Rights Reserved.
Running: C:/Xilinx/Vivado/2019.1/bin/unwrapped/win64.o/xelab.exe -wto ed8d08ff2c2e4c90a5860780e29ed98e --incr --debug typical --relax --mt 2 -L xil_defaultlib -L unisims_ver -L unimacro_ver -L secureip --snapshot TB_HDL_Example_4_6_behav xil_defaultlib.TB_HDL_Example_4_6 xil_defaultlib.glbl -log elaborate.log 
Using 2 slave threads.
Starting static elaboration
Completed static elaboration
Starting simulation data flow analysis
WARNING: [XSIM 43-4100] "C:/Zynq_Book/VHDL_SV_Verilog/HDL Example 4.6 4to1 MULTIPLEXER/HDL Example 4.6 4to1 MULTIPLEXER.sim/sim_1/behav/xsim/glbl.v" Line 6. Module glbl has a timescale but at least one module in design doesn't have timescale.
Completed simulation data flow analysis
Time Resolution for simulation is 1ps
Compiling package std.standard
Compiling package std.textio
Compiling package ieee.std_logic_1164
Compiling module xil_defaultlib.mux4_sv
Compiling module xil_defaultlib.mux4_v
Compiling architecture synth1 of entity xil_defaultlib.mux4_vhd [mux4_vhd_default]
Compiling architecture synth of entity xil_defaultlib.mux4_top [mux4_top_default]
Compiling module xil_defaultlib.TB_HDL_Example_4_6
Compiling module xil_defaultlib.glbl
Built simulation snapshot TB_HDL_Example_4_6_behav
