Vivado Simulator 2019.1
Time resolution is 1 ps
WARNING: Too many words specified in data file input_stimulus.bin
WARNING: Too many words specified in data file expected_outputs.bin
Error: inputs = 00
 outputs = 0000000 (xxxxxxx segments_sv)
Error: inputs = 00
 outputs = 0000000 (xxxxxxx segments_sv)
Error: inputs = 00
 outputs = 0000000 (xxxxxxx segments_sv)
Error: inputs = 00
 outputs = 0000000 (xxxxxxx segments_sv)
Error: inputs = 00
 outputs = 0000000 (xxxxxxx segments_sv)
Error: inputs = 00
 outputs = 0000000 (xxxxxxx segments_sv)
Error: inputs = 00
 outputs = 0000000 (xxxxxxx segments_sv)
Error: inputs = 00
 outputs = 0000000 (xxxxxxx segments_sv)
Error: inputs = 00
 outputs = 0000000 (xxxxxxx segments_sv)
Error: inputs = 00
 outputs = 0000000 (xxxxxxx segments_sv)
Error: inputs = 00
 outputs = 0000000 (xxxxxxx segments_sv)
Error: inputs = 00
 outputs = 0000000 (xxxxxxx segments_sv)
Error: inputs = 00
 outputs = 0000000 (xxxxxxx segments_sv)
Error: inputs = 00
 outputs = 0000000 (xxxxxxx segments_sv)
Error: inputs = 00
 outputs = 0000000 (xxxxxxx segments_sv)
Error: inputs = 00
 outputs = 0000000 (xxxxxxx segments_sv)
Error: inputs = 00
 outputs = 0000000 (xxxxxxx segments_sv)
Error: inputs = 00
 outputs = 0000000 (xxxxxxx segments_sv)
Error: inputs = 00
 outputs = 0000000 (xxxxxxx segments_sv)
Error: inputs = 00
 outputs = 0000000 (xxxxxxx segments_sv)
Error: inputs = 00
 outputs = 0000000 (xxxxxxx segments_sv)
Error: inputs = 00
 outputs = 0000000 (xxxxxxx segments_sv)
Error: inputs = 00
 outputs = 0000000 (xxxxxxx segments_sv)
Error: inputs = 00
 outputs = 0000000 (xxxxxxx segments_sv)
Error: inputs = 00
 outputs = 0000000 (xxxxxxx segments_sv)
Error: inputs = 00
 outputs = 0000000 (xxxxxxx segments_sv)
Error: inputs = 00
 outputs = 0000000 (xxxxxxx segments_sv)
Error: inputs = 00
 outputs = 0000000 (xxxxxxx segments_sv)
Error: inputs = 00
 outputs = 0000000 (xxxxxxx segments_sv)
Error: inputs = 00
 outputs = 0000000 (xxxxxxx segments_sv)
Error: inputs = 00
 outputs = 0000000 (xxxxxxx segments_sv)
Error: inputs = 00
 outputs = 0000000 (xxxxxxx segments_sv)
Error: inputs = 00
 outputs = 0000000 (xxxxxxx segments_sv)
Error: inputs = 00
 outputs = 0000000 (xxxxxxx segments_sv)
Error: inputs = 00
 outputs = 0000000 (xxxxxxx segments_sv)
Error: inputs = 00
 outputs = 0000000 (xxxxxxx segments_sv)
Error: inputs = 00
 outputs = 0000000 (xxxxxxx segments_sv)
Error: inputs = 00
 outputs = 0000000 (xxxxxxx segments_sv)
Error: inputs = 00
 outputs = 0000000 (xxxxxxx segments_sv)
Error: inputs = 00
 outputs = 0000000 (xxxxxxx segments_sv)
Error: inputs = 00
 outputs = 0000000 (xxxxxxx segments_sv)
Error: inputs = 00
 outputs = 0000000 (xxxxxxx segments_sv)
Error: inputs = 00
 outputs = 0000000 (xxxxxxx segments_sv)
Error: inputs = 00
 outputs = 0000000 (xxxxxxx segments_sv)
Error: inputs = 00
 outputs = 0000000 (xxxxxxx segments_sv)
Error: inputs = 00
 outputs = 0000000 (xxxxxxx segments_sv)
Error: inputs = 00
 outputs = 0000000 (xxxxxxx segments_sv)
Error: inputs = 00
 outputs = 0000000 (xxxxxxx segments_sv)
Error: inputs = 00
 outputs = 0000000 (xxxxxxx segments_sv)
Error: inputs = 00
 outputs = 0000000 (xxxxxxx segments_sv)
Error: inputs = 00
 outputs = 0000000 (xxxxxxx segments_sv)
Error: inputs = 00
 outputs = 0000000 (xxxxxxx segments_sv)
Error: inputs = 00
 outputs = 0000000 (xxxxxxx segments_sv)
Error: inputs = 00
 outputs = 0000000 (xxxxxxx segments_sv)
Error: inputs = 00
 outputs = 0000000 (xxxxxxx segments_sv)
Error: inputs = 00
 outputs = 0000000 (xxxxxxx segments_sv)
Error: inputs = 00
 outputs = 0000000 (xxxxxxx segments_sv)
Error: inputs = 00
 outputs = 0000000 (xxxxxxx segments_sv)
Error: inputs = 00
 outputs = 0000000 (xxxxxxx segments_sv)
Error: inputs = 00
 outputs = 0000000 (xxxxxxx segments_sv)
Error: inputs = 00
 outputs = 0000000 (xxxxxxx segments_sv)
Error: inputs = 00
 outputs = 0000000 (xxxxxxx segments_sv)
Error: inputs = 00
 outputs = 0000000 (xxxxxxx segments_sv)
Error: inputs = 00
 outputs = 0000000 (xxxxxxx segments_sv)
Error: inputs = 00
 outputs = 0000000 (xxxxxxx segments_sv)
Error: inputs = 00
 outputs = 0000000 (xxxxxxx segments_sv)
Error: inputs = 00
 outputs = 0000000 (xxxxxxx segments_sv)
Error: inputs = 00
 outputs = 0000000 (xxxxxxx segments_sv)
Error: inputs = 00
 outputs = 0000000 (xxxxxxx segments_sv)
Error: inputs = 00
 outputs = 0000000 (xxxxxxx segments_sv)
Error: inputs = 00
 outputs = 0000000 (xxxxxxx segments_sv)
Error: inputs = 00
 outputs = 0000000 (xxxxxxx segments_sv)
Error: inputs = 00
 outputs = 0000000 (xxxxxxx segments_sv)
Error: inputs = 00
 outputs = 0000000 (xxxxxxx segments_sv)
Error: inputs = 00
 outputs = 0000000 (xxxxxxx segments_sv)
Error: inputs = 00
 outputs = 0000000 (xxxxxxx segments_sv)
Error: inputs = 00
 outputs = 0000000 (xxxxxxx segments_sv)
Error: inputs = 00
 outputs = 0000000 (xxxxxxx segments_sv)
Error: inputs = 00
 outputs = 0000000 (xxxxxxx segments_sv)
Error: inputs = 00
 outputs = 0000000 (xxxxxxx segments_sv)
Error: inputs = 00
 outputs = 0000000 (xxxxxxx segments_sv)
Error: inputs = 00
 outputs = 0000000 (xxxxxxx segments_sv)
Error: inputs = 00
 outputs = 0000000 (xxxxxxx segments_sv)
Error: inputs = 00
 outputs = 0000000 (xxxxxxx segments_sv)
