Vivado Simulator 2019.1
Time resolution is 1 ps
WARNING: Too many words specified in data file expected_outputs.bin
Error: inputs = 0
 outputs = 0 (z y_sv)
Error: inputs = 0
 outputs = 0 (z y_sv)
Error: inputs = 0
 outputs = 0 (z y_sv)
Error: inputs = 0
 outputs = 0 (z y_sv)
Error: inputs = 0
 outputs = 0 (x y_sv)
Error: inputs = 0
 outputs = 0 (x y_sv)
Error: inputs = 0
 outputs = 0 (x y_sv)
Error: inputs = 0
 outputs = 0 (x y_sv)
Error: inputs = 0
 outputs = 0 (x y_sv)
Error: inputs = 0
 outputs = 0 (x y_sv)
Error: inputs = 0
 outputs = 0 (x y_sv)
Error: inputs = 0
 outputs = 0 (x y_sv)
Error: inputs = 0
 outputs = 0 (x y_sv)
Error: inputs = 0
 outputs = 0 (x y_sv)
Error: inputs = 0
 outputs = 0 (x y_sv)
Error: inputs = 0
 outputs = 0 (x y_sv)
Error: inputs = 0
 outputs = 0 (x y_sv)
Error: inputs = 0
 outputs = 0 (x y_sv)
Error: inputs = 0
 outputs = 0 (x y_sv)
Error: inputs = 0
 outputs = 0 (x y_sv)
Error: inputs = 0
 outputs = 0 (x y_sv)
Error: inputs = 0
 outputs = 0 (x y_sv)
Error: inputs = 0
 outputs = 0 (x y_sv)
Error: inputs = 0
 outputs = 0 (x y_sv)
Error: inputs = 0
 outputs = 0 (x y_sv)
Error: inputs = 0
 outputs = 0 (x y_sv)
Error: inputs = 0
 outputs = 0 (x y_sv)
Error: inputs = 0
 outputs = 0 (x y_sv)
Error: inputs = 0
 outputs = 0 (x y_sv)
Error: inputs = 0
 outputs = 0 (x y_sv)
Error: inputs = 0
 outputs = 0 (x y_sv)
Error: inputs = 0
 outputs = 0 (x y_sv)
Error: inputs = 0
 outputs = 0 (x y_sv)
Error: inputs = 0
 outputs = 0 (x y_sv)
