Vivado Simulator 2019.1
Copyright 1986-1999, 2001-2019 Xilinx, Inc. All Rights Reserved.
Running: C:/Xilinx/Vivado/2019.1/bin/unwrapped/win64.o/xelab.exe -wto 9028009a273c4b9384f8d1c80b52a44d --incr --debug typical --relax --mt 2 -L xil_defaultlib -L unisims_ver -L unimacro_ver -L secureip --snapshot TB_HDL_Example_4_25_behav xil_defaultlib.TB_HDL_Example_4_25 xil_defaultlib.glbl -log elaborate.log 
Using 2 slave threads.
Starting static elaboration
Completed static elaboration
Starting simulation data flow analysis
WARNING: [XSIM 43-4100] "C:/Zynq_Book/VHDL_SV_Verilog/HDL Example 4.25 3to8 DECODER/HDL Example 4.25 3to8 DECODER.sim/sim_1/behav/xsim/glbl.v" Line 6. Module glbl has a timescale but at least one module in design doesn't have timescale.
Completed simulation data flow analysis
Time Resolution for simulation is 1ps
Compiling package std.standard
Compiling package std.textio
Compiling package ieee.std_logic_1164
Compiling module xil_defaultlib.decoder3_8_sv
Compiling module xil_defaultlib.decoder3_8_v
Compiling architecture synth of entity xil_defaultlib.decoder3_8_vhd [decoder3_8_vhd_default]
Compiling architecture synth of entity xil_defaultlib.decoder3_8_top [decoder3_8_top_default]
Compiling module xil_defaultlib.TB_HDL_Example_4_25
Compiling module xil_defaultlib.glbl
Built simulation snapshot TB_HDL_Example_4_25_behav
