
*** Running vivado
    with args -log syncbad_top.vds -m64 -product Vivado -mode batch -messageDb vivado.pb -notrace -source syncbad_top.tcl


****** Vivado v2019.1.1 (64-bit)
  **** SW Build 2580384 on Sat Jun 29 08:12:21 MDT 2019
  **** IP Build 2579722 on Sat Jun 29 11:35:40 MDT 2019
    ** Copyright 1986-2019 Xilinx, Inc. All Rights Reserved.

source syncbad_top.tcl -notrace
Command: synth_design -top syncbad_top -part xc7a15tcpg236-2
Starting synth_design
Attempting to get a license for feature 'Synthesis' and/or device 'xc7a15t'
INFO: [Common 17-349] Got license for feature 'Synthesis' and/or device 'xc7a15t'
INFO: Launching helper process for spawning children vivado processes
INFO: Helper process launched with PID 2568 
---------------------------------------------------------------------------------
Starting Synthesize : Time (s): cpu = 00:00:04 ; elapsed = 00:00:04 . Memory (MB): peak = 462.445 ; gain = 169.406
---------------------------------------------------------------------------------
INFO: [Synth 8-638] synthesizing module 'syncbad_top' [C:/Zynq_Book/VHDL_SV_Verilog/HDL Example 4.29 BAD SYNC W B_ASS Dont make/syncbad_top.vhd:18]
INFO: [Synth 8-3491] module 'syncbad_sv' declared at 'C:/Zynq_Book/VHDL_SV_Verilog/HDL Example 4.29 BAD SYNC W B_ASS Dont make/syncbad.sv:2' bound to instance 'SV' of component 'syncbad_sv' [C:/Zynq_Book/VHDL_SV_Verilog/HDL Example 4.29 BAD SYNC W B_ASS Dont make/syncbad_top.vhd:51]
INFO: [Synth 8-6157] synthesizing module 'syncbad_sv' [C:/Zynq_Book/VHDL_SV_Verilog/HDL Example 4.29 BAD SYNC W B_ASS Dont make/syncbad.sv:2]
WARNING: [Synth 8-6014] Unused sequential element n1_reg was removed.  [C:/Zynq_Book/VHDL_SV_Verilog/HDL Example 4.29 BAD SYNC W B_ASS Dont make/syncbad.sv:14]
INFO: [Synth 8-6155] done synthesizing module 'syncbad_sv' (1#1) [C:/Zynq_Book/VHDL_SV_Verilog/HDL Example 4.29 BAD SYNC W B_ASS Dont make/syncbad.sv:2]
INFO: [Synth 8-3491] module 'syncbad_v' declared at 'C:/Zynq_Book/VHDL_SV_Verilog/HDL Example 4.29 BAD SYNC W B_ASS Dont make/syncbad.v:2' bound to instance 'V' of component 'syncbad_v' [C:/Zynq_Book/VHDL_SV_Verilog/HDL Example 4.29 BAD SYNC W B_ASS Dont make/syncbad_top.vhd:60]
INFO: [Synth 8-6157] synthesizing module 'syncbad_v' [C:/Zynq_Book/VHDL_SV_Verilog/HDL Example 4.29 BAD SYNC W B_ASS Dont make/syncbad.v:2]
WARNING: [Synth 8-6014] Unused sequential element n1_reg was removed.  [C:/Zynq_Book/VHDL_SV_Verilog/HDL Example 4.29 BAD SYNC W B_ASS Dont make/syncbad.v:13]
INFO: [Synth 8-6155] done synthesizing module 'syncbad_v' (2#1) [C:/Zynq_Book/VHDL_SV_Verilog/HDL Example 4.29 BAD SYNC W B_ASS Dont make/syncbad.v:2]
INFO: [Synth 8-3491] module 'syncbad_vhd' declared at 'C:/Zynq_Book/VHDL_SV_Verilog/HDL Example 4.29 BAD SYNC W B_ASS Dont make/syncbad.vhd:3' bound to instance 'VHDL' of component 'syncbad_vhd' [C:/Zynq_Book/VHDL_SV_Verilog/HDL Example 4.29 BAD SYNC W B_ASS Dont make/syncbad_top.vhd:69]
INFO: [Synth 8-638] synthesizing module 'syncbad_vhd' [C:/Zynq_Book/VHDL_SV_Verilog/HDL Example 4.29 BAD SYNC W B_ASS Dont make/syncbad.vhd:12]
WARNING: [Synth 8-6014] Unused sequential element n1_reg was removed.  [C:/Zynq_Book/VHDL_SV_Verilog/HDL Example 4.29 BAD SYNC W B_ASS Dont make/syncbad.vhd:19]
INFO: [Synth 8-256] done synthesizing module 'syncbad_vhd' (3#1) [C:/Zynq_Book/VHDL_SV_Verilog/HDL Example 4.29 BAD SYNC W B_ASS Dont make/syncbad.vhd:12]
INFO: [Synth 8-256] done synthesizing module 'syncbad_top' (4#1) [C:/Zynq_Book/VHDL_SV_Verilog/HDL Example 4.29 BAD SYNC W B_ASS Dont make/syncbad_top.vhd:18]
---------------------------------------------------------------------------------
Finished Synthesize : Time (s): cpu = 00:00:05 ; elapsed = 00:00:05 . Memory (MB): peak = 526.441 ; gain = 233.402
---------------------------------------------------------------------------------
---------------------------------------------------------------------------------
Finished Constraint Validation : Time (s): cpu = 00:00:05 ; elapsed = 00:00:05 . Memory (MB): peak = 526.441 ; gain = 233.402
---------------------------------------------------------------------------------
---------------------------------------------------------------------------------
Start Loading Part and Timing Information
---------------------------------------------------------------------------------
Loading part: xc7a15tcpg236-2
---------------------------------------------------------------------------------
Finished Loading Part and Timing Information : Time (s): cpu = 00:00:05 ; elapsed = 00:00:05 . Memory (MB): peak = 526.441 ; gain = 233.402
---------------------------------------------------------------------------------
INFO: [Device 21-403] Loading part xc7a15tcpg236-2
---------------------------------------------------------------------------------
Finished RTL Optimization Phase 2 : Time (s): cpu = 00:00:05 ; elapsed = 00:00:06 . Memory (MB): peak = 526.441 ; gain = 233.402
---------------------------------------------------------------------------------

Report RTL Partitions: 
+-+--------------+------------+----------+
| |RTL Partition |Replication |Instances |
+-+--------------+------------+----------+
+-+--------------+------------+----------+
No constraint files found.
---------------------------------------------------------------------------------
Start RTL Component Statistics 
---------------------------------------------------------------------------------
Detailed RTL Component Info : 
+---Registers : 
	                1 Bit    Registers := 3     
---------------------------------------------------------------------------------
Finished RTL Component Statistics 
---------------------------------------------------------------------------------
---------------------------------------------------------------------------------
Start RTL Hierarchical Component Statistics 
---------------------------------------------------------------------------------
Hierarchical RTL Component report 
Module syncbad_sv 
Detailed RTL Component Info : 
+---Registers : 
	                1 Bit    Registers := 1     
Module syncbad_v 
Detailed RTL Component Info : 
+---Registers : 
	                1 Bit    Registers := 1     
Module syncbad_vhd 
Detailed RTL Component Info : 
+---Registers : 
	                1 Bit    Registers := 1     
---------------------------------------------------------------------------------
Finished RTL Hierarchical Component Statistics
---------------------------------------------------------------------------------
---------------------------------------------------------------------------------
Start Part Resource Summary
---------------------------------------------------------------------------------
Part Resources:
DSPs: 45 (col length:60)
BRAMs: 50 (col length: RAMB18 60 RAMB36 30)
---------------------------------------------------------------------------------
Finished Part Resource Summary
---------------------------------------------------------------------------------
No constraint files found.
---------------------------------------------------------------------------------
Start Cross Boundary and Area Optimization
---------------------------------------------------------------------------------
Warning: Parallel synthesis criteria is not met 
INFO: [Synth 8-4471] merging register 'V/q_reg' into 'SV/q_reg' [C:/Zynq_Book/VHDL_SV_Verilog/HDL Example 4.29 BAD SYNC W B_ASS Dont make/syncbad.v:14]
INFO: [Synth 8-4471] merging register 'VHDL/q_reg' into 'SV/q_reg' [C:/Zynq_Book/VHDL_SV_Verilog/HDL Example 4.29 BAD SYNC W B_ASS Dont make/syncbad.vhd:20]
---------------------------------------------------------------------------------
Finished Cross Boundary and Area Optimization : Time (s): cpu = 00:00:09 ; elapsed = 00:00:09 . Memory (MB): peak = 655.324 ; gain = 362.285
---------------------------------------------------------------------------------

Report RTL Partitions: 
+-+--------------+------------+----------+
| |RTL Partition |Replication |Instances |
+-+--------------+------------+----------+
+-+--------------+------------+----------+
No constraint files found.
---------------------------------------------------------------------------------
Start Timing Optimization
---------------------------------------------------------------------------------
---------------------------------------------------------------------------------
Finished Timing Optimization : Time (s): cpu = 00:00:09 ; elapsed = 00:00:09 . Memory (MB): peak = 655.324 ; gain = 362.285
---------------------------------------------------------------------------------

Report RTL Partitions: 
+-+--------------+------------+----------+
| |RTL Partition |Replication |Instances |
+-+--------------+------------+----------+
+-+--------------+------------+----------+
---------------------------------------------------------------------------------
Start Technology Mapping
---------------------------------------------------------------------------------
---------------------------------------------------------------------------------
Finished Technology Mapping : Time (s): cpu = 00:00:09 ; elapsed = 00:00:09 . Memory (MB): peak = 655.324 ; gain = 362.285
---------------------------------------------------------------------------------

Report RTL Partitions: 
+-+--------------+------------+----------+
| |RTL Partition |Replication |Instances |
+-+--------------+------------+----------+
+-+--------------+------------+----------+
---------------------------------------------------------------------------------
Start IO Insertion
---------------------------------------------------------------------------------
---------------------------------------------------------------------------------
Start Flattening Before IO Insertion
---------------------------------------------------------------------------------
---------------------------------------------------------------------------------
Finished Flattening Before IO Insertion
---------------------------------------------------------------------------------
---------------------------------------------------------------------------------
Start Final Netlist Cleanup
---------------------------------------------------------------------------------
---------------------------------------------------------------------------------
Finished Final Netlist Cleanup
---------------------------------------------------------------------------------
---------------------------------------------------------------------------------
Finished IO Insertion : Time (s): cpu = 00:00:11 ; elapsed = 00:00:12 . Memory (MB): peak = 655.324 ; gain = 362.285
---------------------------------------------------------------------------------

Report Check Netlist: 
+------+------------------+-------+---------+-------+------------------+
|      |Item              |Errors |Warnings |Status |Description       |
+------+------------------+-------+---------+-------+------------------+
|1     |multi_driven_nets |      0|        0|Passed |Multi driven nets |
+------+------------------+-------+---------+-------+------------------+
---------------------------------------------------------------------------------
Start Renaming Generated Instances
---------------------------------------------------------------------------------
---------------------------------------------------------------------------------
Finished Renaming Generated Instances : Time (s): cpu = 00:00:11 ; elapsed = 00:00:12 . Memory (MB): peak = 655.324 ; gain = 362.285
---------------------------------------------------------------------------------

Report RTL Partitions: 
+-+--------------+------------+----------+
| |RTL Partition |Replication |Instances |
+-+--------------+------------+----------+
+-+--------------+------------+----------+
---------------------------------------------------------------------------------
Start Rebuilding User Hierarchy
---------------------------------------------------------------------------------
---------------------------------------------------------------------------------
Finished Rebuilding User Hierarchy : Time (s): cpu = 00:00:11 ; elapsed = 00:00:12 . Memory (MB): peak = 655.324 ; gain = 362.285
---------------------------------------------------------------------------------
---------------------------------------------------------------------------------
Start Renaming Generated Ports
---------------------------------------------------------------------------------
---------------------------------------------------------------------------------
Finished Renaming Generated Ports : Time (s): cpu = 00:00:11 ; elapsed = 00:00:12 . Memory (MB): peak = 655.324 ; gain = 362.285
---------------------------------------------------------------------------------
---------------------------------------------------------------------------------
Start Handling Custom Attributes
---------------------------------------------------------------------------------
---------------------------------------------------------------------------------
Finished Handling Custom Attributes : Time (s): cpu = 00:00:11 ; elapsed = 00:00:12 . Memory (MB): peak = 655.324 ; gain = 362.285
---------------------------------------------------------------------------------
---------------------------------------------------------------------------------
Start Renaming Generated Nets
---------------------------------------------------------------------------------
---------------------------------------------------------------------------------
Finished Renaming Generated Nets : Time (s): cpu = 00:00:11 ; elapsed = 00:00:12 . Memory (MB): peak = 655.324 ; gain = 362.285
---------------------------------------------------------------------------------
---------------------------------------------------------------------------------
Start Writing Synthesis Report
---------------------------------------------------------------------------------

Report BlackBoxes: 
+-+--------------+----------+
| |BlackBox name |Instances |
+-+--------------+----------+
+-+--------------+----------+

Report Cell Usage: 
+------+-----+------+
|      |Cell |Count |
+------+-----+------+
|1     |BUFG |     1|
|2     |FDRE |     1|
|3     |IBUF |     2|
|4     |OBUF |     3|
+------+-----+------+

Report Instance Areas: 
+------+---------+-----------+------+
|      |Instance |Module     |Cells |
+------+---------+-----------+------+
|1     |top      |           |     7|
|2     |  SV     |syncbad_sv |     1|
+------+---------+-----------+------+
---------------------------------------------------------------------------------
Finished Writing Synthesis Report : Time (s): cpu = 00:00:11 ; elapsed = 00:00:12 . Memory (MB): peak = 655.324 ; gain = 362.285
---------------------------------------------------------------------------------
Synthesis finished with 0 errors, 0 critical warnings and 3 warnings.
Synthesis Optimization Runtime : Time (s): cpu = 00:00:11 ; elapsed = 00:00:12 . Memory (MB): peak = 655.324 ; gain = 362.285
Synthesis Optimization Complete : Time (s): cpu = 00:00:11 ; elapsed = 00:00:12 . Memory (MB): peak = 655.324 ; gain = 362.285
INFO: [Project 1-571] Translating synthesized netlist
INFO: [Project 1-570] Preparing netlist for logic optimization
INFO: [Opt 31-138] Pushed 0 inverter(s) to 0 load pin(s).
Netlist sorting complete. Time (s): cpu = 00:00:00 ; elapsed = 00:00:00 . Memory (MB): peak = 758.359 ; gain = 0.000
INFO: [Project 1-111] Unisim Transformation Summary:
No Unisim elements were transformed.

INFO: [Common 17-83] Releasing license: Synthesis
20 Infos, 3 Warnings, 0 Critical Warnings and 0 Errors encountered.
synth_design completed successfully
synth_design: Time (s): cpu = 00:00:16 ; elapsed = 00:00:17 . Memory (MB): peak = 758.359 ; gain = 465.320
Netlist sorting complete. Time (s): cpu = 00:00:00 ; elapsed = 00:00:00 . Memory (MB): peak = 758.359 ; gain = 0.000
WARNING: [Constraints 18-5210] No constraints selected for write.
Resolution: This message can indicate that there are no constraints for the design, or it can indicate that the used_in flags are set such that the constraints are ignored. This later case is used when running synth_design to not write synthesis constraints to the resulting checkpoint. Instead, project constraints are read when the synthesized design is opened.
INFO: [Common 17-1381] The checkpoint 'C:/Zynq_Book/VHDL_SV_Verilog/HDL Example 4.29 BAD SYNC W B_ASS Dont make/HDL Example 4.29 BAD SYNC W B_ASS Dont make.runs/synth_1/syncbad_top.dcp' has been generated.
INFO: [runtcl-4] Executing : report_utilization -file syncbad_top_utilization_synth.rpt -pb syncbad_top_utilization_synth.pb
INFO: [Common 17-206] Exiting Vivado at Sat Apr 25 11:49:55 2020...
