
*** Running vivado
    with args -log patternMealy_top.vds -m64 -product Vivado -mode batch -messageDb vivado.pb -notrace -source patternMealy_top.tcl


****** Vivado v2019.1.1 (64-bit)
  **** SW Build 2580384 on Sat Jun 29 08:12:21 MDT 2019
  **** IP Build 2579722 on Sat Jun 29 11:35:40 MDT 2019
    ** Copyright 1986-2019 Xilinx, Inc. All Rights Reserved.

source patternMealy_top.tcl -notrace
Command: synth_design -top patternMealy_top -part xc7a15tcpg236-2
Starting synth_design
Attempting to get a license for feature 'Synthesis' and/or device 'xc7a15t'
INFO: [Common 17-349] Got license for feature 'Synthesis' and/or device 'xc7a15t'
INFO: Launching helper process for spawning children vivado processes
INFO: Helper process launched with PID 17336 
---------------------------------------------------------------------------------
Starting Synthesize : Time (s): cpu = 00:00:04 ; elapsed = 00:00:04 . Memory (MB): peak = 463.297 ; gain = 170.180
---------------------------------------------------------------------------------
INFO: [Synth 8-638] synthesizing module 'patternMealy_top' [C:/Zynq_Book/VHDL_SV_Verilog/HDL Example 4.32 PATTERN RECOGNIZER MEALY FSM/patternMealy_top.vhd:20]
INFO: [Synth 8-3491] module 'patternMealy_sv' declared at 'C:/Zynq_Book/VHDL_SV_Verilog/HDL Example 4.32 PATTERN RECOGNIZER MEALY FSM/patternMealy.sv:2' bound to instance 'SV' of component 'patternMealy_sv' [C:/Zynq_Book/VHDL_SV_Verilog/HDL Example 4.32 PATTERN RECOGNIZER MEALY FSM/patternMealy_top.vhd:56]
INFO: [Synth 8-6157] synthesizing module 'patternMealy_sv' [C:/Zynq_Book/VHDL_SV_Verilog/HDL Example 4.32 PATTERN RECOGNIZER MEALY FSM/patternMealy.sv:2]
INFO: [Synth 8-226] default block is never used [C:/Zynq_Book/VHDL_SV_Verilog/HDL Example 4.32 PATTERN RECOGNIZER MEALY FSM/patternMealy.sv:22]
INFO: [Synth 8-6155] done synthesizing module 'patternMealy_sv' (1#1) [C:/Zynq_Book/VHDL_SV_Verilog/HDL Example 4.32 PATTERN RECOGNIZER MEALY FSM/patternMealy.sv:2]
INFO: [Synth 8-3491] module 'patternMealy_v' declared at 'C:/Zynq_Book/VHDL_SV_Verilog/HDL Example 4.32 PATTERN RECOGNIZER MEALY FSM/patternMealy.v:2' bound to instance 'V' of component 'patternMealy_v' [C:/Zynq_Book/VHDL_SV_Verilog/HDL Example 4.32 PATTERN RECOGNIZER MEALY FSM/patternMealy_top.vhd:66]
INFO: [Synth 8-6157] synthesizing module 'patternMealy_v' [C:/Zynq_Book/VHDL_SV_Verilog/HDL Example 4.32 PATTERN RECOGNIZER MEALY FSM/patternMealy.v:2]
	Parameter S0 bound to: 2'b00 
	Parameter S1 bound to: 2'b01 
	Parameter S2 bound to: 2'b10 
	Parameter S3 bound to: 2'b11 
INFO: [Synth 8-226] default block is never used [C:/Zynq_Book/VHDL_SV_Verilog/HDL Example 4.32 PATTERN RECOGNIZER MEALY FSM/patternMealy.v:25]
INFO: [Synth 8-6155] done synthesizing module 'patternMealy_v' (2#1) [C:/Zynq_Book/VHDL_SV_Verilog/HDL Example 4.32 PATTERN RECOGNIZER MEALY FSM/patternMealy.v:2]
INFO: [Synth 8-3491] module 'patternMealy_vhd' declared at 'C:/Zynq_Book/VHDL_SV_Verilog/HDL Example 4.32 PATTERN RECOGNIZER MEALY FSM/patternMealy.vhd:3' bound to instance 'VHDL' of component 'patternMealy_vhd' [C:/Zynq_Book/VHDL_SV_Verilog/HDL Example 4.32 PATTERN RECOGNIZER MEALY FSM/patternMealy_top.vhd:76]
INFO: [Synth 8-638] synthesizing module 'patternMealy_vhd' [C:/Zynq_Book/VHDL_SV_Verilog/HDL Example 4.32 PATTERN RECOGNIZER MEALY FSM/patternMealy.vhd:13]
INFO: [Synth 8-226] default block is never used [C:/Zynq_Book/VHDL_SV_Verilog/HDL Example 4.32 PATTERN RECOGNIZER MEALY FSM/patternMealy.vhd:28]
INFO: [Synth 8-256] done synthesizing module 'patternMealy_vhd' (3#1) [C:/Zynq_Book/VHDL_SV_Verilog/HDL Example 4.32 PATTERN RECOGNIZER MEALY FSM/patternMealy.vhd:13]
INFO: [Synth 8-256] done synthesizing module 'patternMealy_top' (4#1) [C:/Zynq_Book/VHDL_SV_Verilog/HDL Example 4.32 PATTERN RECOGNIZER MEALY FSM/patternMealy_top.vhd:20]
---------------------------------------------------------------------------------
Finished Synthesize : Time (s): cpu = 00:00:05 ; elapsed = 00:00:06 . Memory (MB): peak = 526.910 ; gain = 233.793
---------------------------------------------------------------------------------
---------------------------------------------------------------------------------
Finished Constraint Validation : Time (s): cpu = 00:00:05 ; elapsed = 00:00:06 . Memory (MB): peak = 526.910 ; gain = 233.793
---------------------------------------------------------------------------------
---------------------------------------------------------------------------------
Start Loading Part and Timing Information
---------------------------------------------------------------------------------
Loading part: xc7a15tcpg236-2
---------------------------------------------------------------------------------
INFO: [Device 21-403] Loading part xc7a15tcpg236-2
Finished Loading Part and Timing Information : Time (s): cpu = 00:00:05 ; elapsed = 00:00:06 . Memory (MB): peak = 526.910 ; gain = 233.793
---------------------------------------------------------------------------------
INFO: [Synth 8-802] inferred FSM for state register 'state_reg' in module 'patternMealy_sv'
INFO: [Synth 8-802] inferred FSM for state register 'state_reg' in module 'patternMealy_v'
INFO: [Synth 8-802] inferred FSM for state register 'state_reg' in module 'patternMealy_vhd'
---------------------------------------------------------------------------------------------------
                   State |                     New Encoding |                Previous Encoding 
---------------------------------------------------------------------------------------------------
                      S0 |                               00 |                               00
                      S1 |                               01 |                               01
                      S2 |                               10 |                               10
                      S3 |                               11 |                               11
---------------------------------------------------------------------------------------------------
INFO: [Synth 8-3354] encoded FSM with state register 'state_reg' using encoding 'sequential' in module 'patternMealy_sv'
---------------------------------------------------------------------------------------------------
                   State |                     New Encoding |                Previous Encoding 
---------------------------------------------------------------------------------------------------
                      S0 |                               00 |                               00
                      S1 |                               01 |                               01
                      S2 |                               10 |                               10
                      S3 |                               11 |                               11
---------------------------------------------------------------------------------------------------
INFO: [Synth 8-3354] encoded FSM with state register 'state_reg' using encoding 'sequential' in module 'patternMealy_v'
---------------------------------------------------------------------------------------------------
                   State |                     New Encoding |                Previous Encoding 
---------------------------------------------------------------------------------------------------
                      s0 |                               00 |                               00
                      s1 |                               01 |                               01
                      s2 |                               10 |                               10
                      s3 |                               11 |                               11
---------------------------------------------------------------------------------------------------
INFO: [Synth 8-3354] encoded FSM with state register 'state_reg' using encoding 'sequential' in module 'patternMealy_vhd'
---------------------------------------------------------------------------------
Finished RTL Optimization Phase 2 : Time (s): cpu = 00:00:06 ; elapsed = 00:00:06 . Memory (MB): peak = 526.910 ; gain = 233.793
---------------------------------------------------------------------------------

Report RTL Partitions: 
+-+--------------+------------+----------+
| |RTL Partition |Replication |Instances |
+-+--------------+------------+----------+
+-+--------------+------------+----------+
No constraint files found.
---------------------------------------------------------------------------------
Start RTL Component Statistics 
---------------------------------------------------------------------------------
Detailed RTL Component Info : 
+---Muxes : 
	   4 Input      2 Bit        Muxes := 3     
	   2 Input      2 Bit        Muxes := 12    
	   2 Input      1 Bit        Muxes := 3     
---------------------------------------------------------------------------------
Finished RTL Component Statistics 
---------------------------------------------------------------------------------
---------------------------------------------------------------------------------
Start RTL Hierarchical Component Statistics 
---------------------------------------------------------------------------------
Hierarchical RTL Component report 
Module patternMealy_sv 
Detailed RTL Component Info : 
+---Muxes : 
	   4 Input      2 Bit        Muxes := 1     
	   2 Input      2 Bit        Muxes := 4     
	   2 Input      1 Bit        Muxes := 1     
Module patternMealy_v 
Detailed RTL Component Info : 
+---Muxes : 
	   4 Input      2 Bit        Muxes := 1     
	   2 Input      2 Bit        Muxes := 4     
	   2 Input      1 Bit        Muxes := 1     
Module patternMealy_vhd 
Detailed RTL Component Info : 
+---Muxes : 
	   4 Input      2 Bit        Muxes := 1     
	   2 Input      2 Bit        Muxes := 4     
	   2 Input      1 Bit        Muxes := 1     
---------------------------------------------------------------------------------
Finished RTL Hierarchical Component Statistics
---------------------------------------------------------------------------------
---------------------------------------------------------------------------------
Start Part Resource Summary
---------------------------------------------------------------------------------
Part Resources:
DSPs: 45 (col length:60)
BRAMs: 50 (col length: RAMB18 60 RAMB36 30)
---------------------------------------------------------------------------------
Finished Part Resource Summary
---------------------------------------------------------------------------------
No constraint files found.
---------------------------------------------------------------------------------
Start Cross Boundary and Area Optimization
---------------------------------------------------------------------------------
Warning: Parallel synthesis criteria is not met 
---------------------------------------------------------------------------------
Finished Cross Boundary and Area Optimization : Time (s): cpu = 00:00:09 ; elapsed = 00:00:10 . Memory (MB): peak = 662.254 ; gain = 369.137
---------------------------------------------------------------------------------

Report RTL Partitions: 
+-+--------------+------------+----------+
| |RTL Partition |Replication |Instances |
+-+--------------+------------+----------+
+-+--------------+------------+----------+
No constraint files found.
---------------------------------------------------------------------------------
Start Timing Optimization
---------------------------------------------------------------------------------
---------------------------------------------------------------------------------
Finished Timing Optimization : Time (s): cpu = 00:00:09 ; elapsed = 00:00:10 . Memory (MB): peak = 662.254 ; gain = 369.137
---------------------------------------------------------------------------------

Report RTL Partitions: 
+-+--------------+------------+----------+
| |RTL Partition |Replication |Instances |
+-+--------------+------------+----------+
+-+--------------+------------+----------+
---------------------------------------------------------------------------------
Start Technology Mapping
---------------------------------------------------------------------------------
---------------------------------------------------------------------------------
Finished Technology Mapping : Time (s): cpu = 00:00:09 ; elapsed = 00:00:10 . Memory (MB): peak = 662.254 ; gain = 369.137
---------------------------------------------------------------------------------

Report RTL Partitions: 
+-+--------------+------------+----------+
| |RTL Partition |Replication |Instances |
+-+--------------+------------+----------+
+-+--------------+------------+----------+
---------------------------------------------------------------------------------
Start IO Insertion
---------------------------------------------------------------------------------
---------------------------------------------------------------------------------
Start Flattening Before IO Insertion
---------------------------------------------------------------------------------
---------------------------------------------------------------------------------
Finished Flattening Before IO Insertion
---------------------------------------------------------------------------------
---------------------------------------------------------------------------------
Start Final Netlist Cleanup
---------------------------------------------------------------------------------
---------------------------------------------------------------------------------
Finished Final Netlist Cleanup
---------------------------------------------------------------------------------
---------------------------------------------------------------------------------
Finished IO Insertion : Time (s): cpu = 00:00:12 ; elapsed = 00:00:12 . Memory (MB): peak = 662.254 ; gain = 369.137
---------------------------------------------------------------------------------

Report Check Netlist: 
+------+------------------+-------+---------+-------+------------------+
|      |Item              |Errors |Warnings |Status |Description       |
+------+------------------+-------+---------+-------+------------------+
|1     |multi_driven_nets |      0|        0|Passed |Multi driven nets |
+------+------------------+-------+---------+-------+------------------+
---------------------------------------------------------------------------------
Start Renaming Generated Instances
---------------------------------------------------------------------------------
---------------------------------------------------------------------------------
Finished Renaming Generated Instances : Time (s): cpu = 00:00:12 ; elapsed = 00:00:12 . Memory (MB): peak = 662.254 ; gain = 369.137
---------------------------------------------------------------------------------

Report RTL Partitions: 
+-+--------------+------------+----------+
| |RTL Partition |Replication |Instances |
+-+--------------+------------+----------+
+-+--------------+------------+----------+
---------------------------------------------------------------------------------
Start Rebuilding User Hierarchy
---------------------------------------------------------------------------------
---------------------------------------------------------------------------------
Finished Rebuilding User Hierarchy : Time (s): cpu = 00:00:12 ; elapsed = 00:00:12 . Memory (MB): peak = 662.254 ; gain = 369.137
---------------------------------------------------------------------------------
---------------------------------------------------------------------------------
Start Renaming Generated Ports
---------------------------------------------------------------------------------
---------------------------------------------------------------------------------
Finished Renaming Generated Ports : Time (s): cpu = 00:00:12 ; elapsed = 00:00:12 . Memory (MB): peak = 662.254 ; gain = 369.137
---------------------------------------------------------------------------------
---------------------------------------------------------------------------------
Start Handling Custom Attributes
---------------------------------------------------------------------------------
---------------------------------------------------------------------------------
Finished Handling Custom Attributes : Time (s): cpu = 00:00:12 ; elapsed = 00:00:12 . Memory (MB): peak = 662.254 ; gain = 369.137
---------------------------------------------------------------------------------
---------------------------------------------------------------------------------
Start Renaming Generated Nets
---------------------------------------------------------------------------------
---------------------------------------------------------------------------------
Finished Renaming Generated Nets : Time (s): cpu = 00:00:12 ; elapsed = 00:00:12 . Memory (MB): peak = 662.254 ; gain = 369.137
---------------------------------------------------------------------------------
---------------------------------------------------------------------------------
Start Writing Synthesis Report
---------------------------------------------------------------------------------

Report BlackBoxes: 
+-+--------------+----------+
| |BlackBox name |Instances |
+-+--------------+----------+
+-+--------------+----------+

Report Cell Usage: 
+------+-----+------+
|      |Cell |Count |
+------+-----+------+
|1     |BUFG |     1|
|2     |LUT3 |     9|
|3     |FDCE |     6|
|4     |IBUF |     3|
|5     |OBUF |     3|
+------+-----+------+

Report Instance Areas: 
+------+---------+-----------------+------+
|      |Instance |Module           |Cells |
+------+---------+-----------------+------+
|1     |top      |                 |    22|
|2     |  SV     |patternMealy_sv  |     5|
|3     |  V      |patternMealy_v   |     5|
|4     |  VHDL   |patternMealy_vhd |     5|
+------+---------+-----------------+------+
---------------------------------------------------------------------------------
Finished Writing Synthesis Report : Time (s): cpu = 00:00:12 ; elapsed = 00:00:12 . Memory (MB): peak = 662.254 ; gain = 369.137
---------------------------------------------------------------------------------
Synthesis finished with 0 errors, 0 critical warnings and 0 warnings.
Synthesis Optimization Runtime : Time (s): cpu = 00:00:12 ; elapsed = 00:00:12 . Memory (MB): peak = 662.254 ; gain = 369.137
Synthesis Optimization Complete : Time (s): cpu = 00:00:12 ; elapsed = 00:00:12 . Memory (MB): peak = 662.254 ; gain = 369.137
INFO: [Project 1-571] Translating synthesized netlist
INFO: [Project 1-570] Preparing netlist for logic optimization
INFO: [Opt 31-138] Pushed 0 inverter(s) to 0 load pin(s).
Netlist sorting complete. Time (s): cpu = 00:00:00 ; elapsed = 00:00:00 . Memory (MB): peak = 778.102 ; gain = 0.000
INFO: [Project 1-111] Unisim Transformation Summary:
No Unisim elements were transformed.

INFO: [Common 17-83] Releasing license: Synthesis
27 Infos, 0 Warnings, 0 Critical Warnings and 0 Errors encountered.
synth_design completed successfully
synth_design: Time (s): cpu = 00:00:16 ; elapsed = 00:00:18 . Memory (MB): peak = 778.102 ; gain = 484.984
Netlist sorting complete. Time (s): cpu = 00:00:00 ; elapsed = 00:00:00 . Memory (MB): peak = 778.102 ; gain = 0.000
WARNING: [Constraints 18-5210] No constraints selected for write.
Resolution: This message can indicate that there are no constraints for the design, or it can indicate that the used_in flags are set such that the constraints are ignored. This later case is used when running synth_design to not write synthesis constraints to the resulting checkpoint. Instead, project constraints are read when the synthesized design is opened.
INFO: [Common 17-1381] The checkpoint 'C:/Zynq_Book/VHDL_SV_Verilog/HDL Example 4.32 PATTERN RECOGNIZER MEALY FSM/HDL Example 4_32 PATTERN RECOGNIZER MEALY FSM.runs/synth_1/patternMealy_top.dcp' has been generated.
INFO: [runtcl-4] Executing : report_utilization -file patternMealy_top_utilization_synth.rpt -pb patternMealy_top_utilization_synth.pb
INFO: [Common 17-206] Exiting Vivado at Sat May  2 10:32:59 2020...
