
*** Running vivado
    with args -log multiplier_top.vds -m64 -product Vivado -mode batch -messageDb vivado.pb -notrace -source multiplier_top.tcl


****** Vivado v2019.1.1 (64-bit)
  **** SW Build 2580384 on Sat Jun 29 08:12:21 MDT 2019
  **** IP Build 2579722 on Sat Jun 29 11:35:40 MDT 2019
    ** Copyright 1986-2019 Xilinx, Inc. All Rights Reserved.

source multiplier_top.tcl -notrace
Command: synth_design -top multiplier_top -part xc7a15tcpg236-2
Starting synth_design
Attempting to get a license for feature 'Synthesis' and/or device 'xc7a15t'
INFO: [Common 17-349] Got license for feature 'Synthesis' and/or device 'xc7a15t'
INFO: Launching helper process for spawning children vivado processes
INFO: Helper process launched with PID 12920 
---------------------------------------------------------------------------------
Starting Synthesize : Time (s): cpu = 00:00:07 ; elapsed = 00:00:09 . Memory (MB): peak = 463.688 ; gain = 175.422
---------------------------------------------------------------------------------
INFO: [Synth 8-638] synthesizing module 'multiplier_top' [C:/Zynq_Book/VHDL_SV_Verilog/HDL Example 4.33b signed multiplier/multiplier_top.vhd:21]
INFO: [Synth 8-3491] module 'multiplier_sv' declared at 'C:/Zynq_Book/VHDL_SV_Verilog/HDL Example 4.33b signed multiplier/multiplier.sv:2' bound to instance 'SV' of component 'multiplier_sv' [C:/Zynq_Book/VHDL_SV_Verilog/HDL Example 4.33b signed multiplier/multiplier_top.vhd:54]
INFO: [Synth 8-6157] synthesizing module 'multiplier_sv' [C:/Zynq_Book/VHDL_SV_Verilog/HDL Example 4.33b signed multiplier/multiplier.sv:2]
INFO: [Synth 8-6155] done synthesizing module 'multiplier_sv' (1#1) [C:/Zynq_Book/VHDL_SV_Verilog/HDL Example 4.33b signed multiplier/multiplier.sv:2]
INFO: [Synth 8-3491] module 'multiplier_v' declared at 'C:/Zynq_Book/VHDL_SV_Verilog/HDL Example 4.33b signed multiplier/multiplier.v:2' bound to instance 'V' of component 'multiplier_v' [C:/Zynq_Book/VHDL_SV_Verilog/HDL Example 4.33b signed multiplier/multiplier_top.vhd:63]
INFO: [Synth 8-6157] synthesizing module 'multiplier_v' [C:/Zynq_Book/VHDL_SV_Verilog/HDL Example 4.33b signed multiplier/multiplier.v:2]
INFO: [Synth 8-6155] done synthesizing module 'multiplier_v' (2#1) [C:/Zynq_Book/VHDL_SV_Verilog/HDL Example 4.33b signed multiplier/multiplier.v:2]
INFO: [Synth 8-3491] module 'multiplier_vhd' declared at 'C:/Zynq_Book/VHDL_SV_Verilog/HDL Example 4.33b signed multiplier/multiplier.vhd:9' bound to instance 'VHDL' of component 'multiplier_vhd' [C:/Zynq_Book/VHDL_SV_Verilog/HDL Example 4.33b signed multiplier/multiplier_top.vhd:72]
INFO: [Synth 8-638] synthesizing module 'multiplier_vhd' [C:/Zynq_Book/VHDL_SV_Verilog/HDL Example 4.33b signed multiplier/multiplier.vhd:23]
WARNING: [Synth 8-3848] Net y_signed in module/entity multiplier_vhd does not have driver. [C:/Zynq_Book/VHDL_SV_Verilog/HDL Example 4.33b signed multiplier/multiplier.vhd:27]
INFO: [Synth 8-256] done synthesizing module 'multiplier_vhd' (3#1) [C:/Zynq_Book/VHDL_SV_Verilog/HDL Example 4.33b signed multiplier/multiplier.vhd:23]
INFO: [Synth 8-256] done synthesizing module 'multiplier_top' (4#1) [C:/Zynq_Book/VHDL_SV_Verilog/HDL Example 4.33b signed multiplier/multiplier_top.vhd:21]
---------------------------------------------------------------------------------
Finished Synthesize : Time (s): cpu = 00:00:08 ; elapsed = 00:00:10 . Memory (MB): peak = 526.988 ; gain = 238.723
---------------------------------------------------------------------------------
---------------------------------------------------------------------------------
Finished Constraint Validation : Time (s): cpu = 00:00:09 ; elapsed = 00:00:11 . Memory (MB): peak = 526.988 ; gain = 238.723
---------------------------------------------------------------------------------
---------------------------------------------------------------------------------
Start Loading Part and Timing Information
---------------------------------------------------------------------------------
Loading part: xc7a15tcpg236-2
---------------------------------------------------------------------------------
INFO: [Device 21-403] Loading part xc7a15tcpg236-2
Finished Loading Part and Timing Information : Time (s): cpu = 00:00:09 ; elapsed = 00:00:11 . Memory (MB): peak = 526.988 ; gain = 238.723
---------------------------------------------------------------------------------
---------------------------------------------------------------------------------
Finished RTL Optimization Phase 2 : Time (s): cpu = 00:00:09 ; elapsed = 00:00:11 . Memory (MB): peak = 526.988 ; gain = 238.723
---------------------------------------------------------------------------------

Report RTL Partitions: 
+-+--------------+------------+----------+
| |RTL Partition |Replication |Instances |
+-+--------------+------------+----------+
+-+--------------+------------+----------+
No constraint files found.
---------------------------------------------------------------------------------
Start RTL Component Statistics 
---------------------------------------------------------------------------------
Detailed RTL Component Info : 
---------------------------------------------------------------------------------
Finished RTL Component Statistics 
---------------------------------------------------------------------------------
---------------------------------------------------------------------------------
Start RTL Hierarchical Component Statistics 
---------------------------------------------------------------------------------
Hierarchical RTL Component report 
---------------------------------------------------------------------------------
Finished RTL Hierarchical Component Statistics
---------------------------------------------------------------------------------
---------------------------------------------------------------------------------
Start Part Resource Summary
---------------------------------------------------------------------------------
Part Resources:
DSPs: 45 (col length:60)
BRAMs: 50 (col length: RAMB18 60 RAMB36 30)
---------------------------------------------------------------------------------
Finished Part Resource Summary
---------------------------------------------------------------------------------
No constraint files found.
---------------------------------------------------------------------------------
Start Cross Boundary and Area Optimization
---------------------------------------------------------------------------------
Warning: Parallel synthesis criteria is not met 
---------------------------------------------------------------------------------
Finished Cross Boundary and Area Optimization : Time (s): cpu = 00:00:14 ; elapsed = 00:00:17 . Memory (MB): peak = 658.391 ; gain = 370.125
---------------------------------------------------------------------------------

Report RTL Partitions: 
+-+--------------+------------+----------+
| |RTL Partition |Replication |Instances |
+-+--------------+------------+----------+
+-+--------------+------------+----------+
No constraint files found.
---------------------------------------------------------------------------------
Start Timing Optimization
---------------------------------------------------------------------------------
---------------------------------------------------------------------------------
Finished Timing Optimization : Time (s): cpu = 00:00:14 ; elapsed = 00:00:17 . Memory (MB): peak = 665.164 ; gain = 376.898
---------------------------------------------------------------------------------

Report RTL Partitions: 
+-+--------------+------------+----------+
| |RTL Partition |Replication |Instances |
+-+--------------+------------+----------+
+-+--------------+------------+----------+
---------------------------------------------------------------------------------
Start Technology Mapping
---------------------------------------------------------------------------------
---------------------------------------------------------------------------------
Finished Technology Mapping : Time (s): cpu = 00:00:15 ; elapsed = 00:00:17 . Memory (MB): peak = 665.164 ; gain = 376.898
---------------------------------------------------------------------------------

Report RTL Partitions: 
+-+--------------+------------+----------+
| |RTL Partition |Replication |Instances |
+-+--------------+------------+----------+
+-+--------------+------------+----------+
---------------------------------------------------------------------------------
Start IO Insertion
---------------------------------------------------------------------------------
---------------------------------------------------------------------------------
Start Flattening Before IO Insertion
---------------------------------------------------------------------------------
---------------------------------------------------------------------------------
Finished Flattening Before IO Insertion
---------------------------------------------------------------------------------
---------------------------------------------------------------------------------
Start Final Netlist Cleanup
---------------------------------------------------------------------------------
---------------------------------------------------------------------------------
Finished Final Netlist Cleanup
---------------------------------------------------------------------------------
---------------------------------------------------------------------------------
Finished IO Insertion : Time (s): cpu = 00:00:18 ; elapsed = 00:00:21 . Memory (MB): peak = 665.168 ; gain = 376.902
---------------------------------------------------------------------------------

Report Check Netlist: 
+------+------------------+-------+---------+-------+------------------+
|      |Item              |Errors |Warnings |Status |Description       |
+------+------------------+-------+---------+-------+------------------+
|1     |multi_driven_nets |      0|        0|Passed |Multi driven nets |
+------+------------------+-------+---------+-------+------------------+
---------------------------------------------------------------------------------
Start Renaming Generated Instances
---------------------------------------------------------------------------------
---------------------------------------------------------------------------------
Finished Renaming Generated Instances : Time (s): cpu = 00:00:18 ; elapsed = 00:00:21 . Memory (MB): peak = 665.168 ; gain = 376.902
---------------------------------------------------------------------------------

Report RTL Partitions: 
+-+--------------+------------+----------+
| |RTL Partition |Replication |Instances |
+-+--------------+------------+----------+
+-+--------------+------------+----------+
---------------------------------------------------------------------------------
Start Rebuilding User Hierarchy
---------------------------------------------------------------------------------
---------------------------------------------------------------------------------
Finished Rebuilding User Hierarchy : Time (s): cpu = 00:00:18 ; elapsed = 00:00:21 . Memory (MB): peak = 665.168 ; gain = 376.902
---------------------------------------------------------------------------------
---------------------------------------------------------------------------------
Start Renaming Generated Ports
---------------------------------------------------------------------------------
---------------------------------------------------------------------------------
Finished Renaming Generated Ports : Time (s): cpu = 00:00:18 ; elapsed = 00:00:21 . Memory (MB): peak = 665.168 ; gain = 376.902
---------------------------------------------------------------------------------
---------------------------------------------------------------------------------
Start Handling Custom Attributes
---------------------------------------------------------------------------------
---------------------------------------------------------------------------------
Finished Handling Custom Attributes : Time (s): cpu = 00:00:18 ; elapsed = 00:00:21 . Memory (MB): peak = 665.168 ; gain = 376.902
---------------------------------------------------------------------------------
---------------------------------------------------------------------------------
Start Renaming Generated Nets
---------------------------------------------------------------------------------
---------------------------------------------------------------------------------
Finished Renaming Generated Nets : Time (s): cpu = 00:00:18 ; elapsed = 00:00:21 . Memory (MB): peak = 665.168 ; gain = 376.902
---------------------------------------------------------------------------------
---------------------------------------------------------------------------------
Start Writing Synthesis Report
---------------------------------------------------------------------------------

Report BlackBoxes: 
+-+--------------+----------+
| |BlackBox name |Instances |
+-+--------------+----------+
+-+--------------+----------+

Report Cell Usage: 
+------+-------+------+
|      |Cell   |Count |
+------+-------+------+
|1     |CARRY4 |     6|
|2     |LUT2   |     6|
|3     |LUT4   |     9|
|4     |LUT5   |     9|
|5     |LUT6   |    51|
|6     |MUXF7  |    12|
|7     |IBUF   |    24|
|8     |OBUF   |    24|
+------+-------+------+

Report Instance Areas: 
+------+---------+---------------+------+
|      |Instance |Module         |Cells |
+------+---------+---------------+------+
|1     |top      |               |   141|
|2     |  SV     |multiplier_sv  |    29|
|3     |  V      |multiplier_v   |    29|
|4     |  VHDL   |multiplier_vhd |    29|
+------+---------+---------------+------+
---------------------------------------------------------------------------------
Finished Writing Synthesis Report : Time (s): cpu = 00:00:18 ; elapsed = 00:00:21 . Memory (MB): peak = 665.168 ; gain = 376.902
---------------------------------------------------------------------------------
Synthesis finished with 0 errors, 0 critical warnings and 1 warnings.
Synthesis Optimization Runtime : Time (s): cpu = 00:00:18 ; elapsed = 00:00:21 . Memory (MB): peak = 665.168 ; gain = 376.902
Synthesis Optimization Complete : Time (s): cpu = 00:00:18 ; elapsed = 00:00:21 . Memory (MB): peak = 665.168 ; gain = 376.902
INFO: [Project 1-571] Translating synthesized netlist
INFO: [Netlist 29-17] Analyzing 18 Unisim elements for replacement
INFO: [Netlist 29-28] Unisim Transformation completed in 0 CPU seconds
INFO: [Project 1-570] Preparing netlist for logic optimization
INFO: [Opt 31-138] Pushed 0 inverter(s) to 0 load pin(s).
Netlist sorting complete. Time (s): cpu = 00:00:00 ; elapsed = 00:00:00 . Memory (MB): peak = 781.266 ; gain = 0.000
INFO: [Project 1-111] Unisim Transformation Summary:
No Unisim elements were transformed.

INFO: [Common 17-83] Releasing license: Synthesis
20 Infos, 1 Warnings, 0 Critical Warnings and 0 Errors encountered.
synth_design completed successfully
synth_design: Time (s): cpu = 00:00:25 ; elapsed = 00:00:31 . Memory (MB): peak = 781.266 ; gain = 493.000
Netlist sorting complete. Time (s): cpu = 00:00:00 ; elapsed = 00:00:00 . Memory (MB): peak = 781.266 ; gain = 0.000
WARNING: [Constraints 18-5210] No constraints selected for write.
Resolution: This message can indicate that there are no constraints for the design, or it can indicate that the used_in flags are set such that the constraints are ignored. This later case is used when running synth_design to not write synthesis constraints to the resulting checkpoint. Instead, project constraints are read when the synthesized design is opened.
INFO: [Common 17-1381] The checkpoint 'C:/Zynq_Book/VHDL_SV_Verilog/HDL Example 4.33b signed multiplier/HDL Example 4.33b signed multiplier.runs/synth_1/multiplier_top.dcp' has been generated.
INFO: [runtcl-4] Executing : report_utilization -file multiplier_top_utilization_synth.rpt -pb multiplier_top_utilization_synth.pb
INFO: [Common 17-206] Exiting Vivado at Wed May  6 21:00:52 2020...
