Vivado Simulator 2019.1
Time resolution is 1 ps
Error: inputs = 00
 outputs = 00000000 (zzzzzzzz y_sv)
Error: inputs = 00
 outputs = 00000000 (xxxxxxxx y_sv)
Error: inputs = 00
 outputs = 00000000 (xxxxxxxx y_sv)
Error: inputs = 00
 outputs = 00000000 (xxxxxxxx y_sv)
Error: inputs = 00
 outputs = 00000000 (xxxxxxxx y_sv)
Error: inputs = 00
 outputs = 00000000 (xxxxxxxx y_sv)
Error: inputs = 00
 outputs = 00000000 (xxxxxxxx y_sv)
Error: inputs = 00
 outputs = 00000000 (xxxxxxxx y_sv)
Error: inputs = 00
 outputs = 00000000 (xxxxxxxx y_sv)
Error: inputs = 00
 outputs = 00000000 (xxxxxxxx y_sv)
Error: inputs = 00
 outputs = 00000000 (xxxxxxxx y_sv)
Error: inputs = 00
 outputs = 00000000 (xxxxxxxx y_sv)
Error: inputs = 00
 outputs = 00000000 (xxxxxxxx y_sv)
Error: inputs = 00
 outputs = 00000000 (xxxxxxxx y_sv)
Error: inputs = 00
 outputs = 00000000 (xxxxxxxx y_sv)
Error: inputs = 00
 outputs = 00000000 (xxxxxxxx y_sv)
Error: inputs = 00
 outputs = 00000000 (xxxxxxxx y_sv)
Error: inputs = 00
 outputs = 00000000 (xxxxxxxx y_sv)
Error: inputs = 00
 outputs = 00000000 (xxxxxxxx y_sv)
Error: inputs = 00
 outputs = 00000000 (xxxxxxxx y_sv)
Error: inputs = 00
 outputs = 00000000 (xxxxxxxx y_sv)
Error: inputs = 00
 outputs = 00000000 (xxxxxxxx y_sv)
Error: inputs = 00
 outputs = 00000000 (xxxxxxxx y_sv)
Error: inputs = 00
 outputs = 00000000 (xxxxxxxx y_sv)
Error: inputs = 00
 outputs = 00000000 (xxxxxxxx y_sv)
Error: inputs = 00
 outputs = 00000000 (xxxxxxxx y_sv)
Error: inputs = 00
 outputs = 00000000 (xxxxxxxx y_sv)
Error: inputs = 00
 outputs = 00000000 (xxxxxxxx y_sv)
Error: inputs = 00
 outputs = 00000000 (xxxxxxxx y_sv)
Error: inputs = 00
 outputs = 00000000 (xxxxxxxx y_sv)
Error: inputs = 00
 outputs = 00000000 (xxxxxxxx y_sv)
Error: inputs = 00
 outputs = 00000000 (xxxxxxxx y_sv)
Error: inputs = 00
 outputs = 00000000 (xxxxxxxx y_sv)
Error: inputs = 00
 outputs = 00000000 (xxxxxxxx y_sv)
Error: inputs = 00
 outputs = 00000000 (xxxxxxxx y_sv)
Error: inputs = 00
 outputs = 00000000 (xxxxxxxx y_sv)
Error: inputs = 00
 outputs = 00000000 (xxxxxxxx y_sv)
Error: inputs = 00
 outputs = 00000000 (xxxxxxxx y_sv)
Error: inputs = 00
 outputs = 00000000 (xxxxxxxx y_sv)
Error: inputs = 00
 outputs = 00000000 (xxxxxxxx y_sv)
Error: inputs = 00
 outputs = 00000000 (xxxxxxxx y_sv)
Error: inputs = 00
 outputs = 00000000 (xxxxxxxx y_sv)
Error: inputs = 00
 outputs = 00000000 (xxxxxxxx y_sv)
Error: inputs = 00
 outputs = 00000000 (xxxxxxxx y_sv)
Error: inputs = 00
 outputs = 00000000 (xxxxxxxx y_sv)
Error: inputs = 00
 outputs = 00000000 (xxxxxxxx y_sv)
Error: inputs = 00
 outputs = 00000000 (xxxxxxxx y_sv)
Error: inputs = 00
 outputs = 00000000 (xxxxxxxx y_sv)
Error: inputs = 00
 outputs = 00000000 (xxxxxxxx y_sv)
Error: inputs = 00
 outputs = 00000000 (xxxxxxxx y_sv)
Error: inputs = 00
 outputs = 00000000 (xxxxxxxx y_sv)
Error: inputs = 00
 outputs = 00000000 (xxxxxxxx y_sv)
Error: inputs = 00
 outputs = 00000000 (xxxxxxxx y_sv)
Error: inputs = 00
 outputs = 00000000 (xxxxxxxx y_sv)
Error: inputs = 00
 outputs = 00000000 (xxxxxxxx y_sv)
Error: inputs = 00
 outputs = 00000000 (xxxxxxxx y_sv)
Error: inputs = 00
 outputs = 00000000 (xxxxxxxx y_sv)
Error: inputs = 00
 outputs = 00000000 (xxxxxxxx y_sv)
Error: inputs = 00
 outputs = 00000000 (xxxxxxxx y_sv)
Error: inputs = 00
 outputs = 00000000 (xxxxxxxx y_sv)
Error: inputs = 00
 outputs = 00000000 (xxxxxxxx y_sv)
Error: inputs = 00
 outputs = 00000000 (xxxxxxxx y_sv)
Error: inputs = 00
 outputs = 00000000 (xxxxxxxx y_sv)
Error: inputs = 00
 outputs = 00000000 (xxxxxxxx y_sv)
Error: inputs = 00
 outputs = 00000000 (xxxxxxxx y_sv)
Error: inputs = 00
 outputs = 00000000 (xxxxxxxx y_sv)
Error: inputs = 00
 outputs = 00000000 (xxxxxxxx y_sv)
Error: inputs = 00
 outputs = 00000000 (xxxxxxxx y_sv)
Error: inputs = 00
 outputs = 00000000 (xxxxxxxx y_sv)
Error: inputs = 00
 outputs = 00000000 (xxxxxxxx y_sv)
Error: inputs = 00
 outputs = 00000000 (xxxxxxxx y_sv)
Error: inputs = 00
 outputs = 00000000 (xxxxxxxx y_sv)
Error: inputs = 00
 outputs = 00000000 (xxxxxxxx y_sv)
Error: inputs = 00
 outputs = 00000000 (xxxxxxxx y_sv)
Error: inputs = 00
 outputs = 00000000 (xxxxxxxx y_sv)
Error: inputs = 00
 outputs = 00000000 (xxxxxxxx y_sv)
Error: inputs = 00
 outputs = 00000000 (xxxxxxxx y_sv)
Error: inputs = 00
 outputs = 00000000 (xxxxxxxx y_sv)
Error: inputs = 00
 outputs = 00000000 (xxxxxxxx y_sv)
Error: inputs = 00
 outputs = 00000000 (xxxxxxxx y_sv)
Error: inputs = 00
 outputs = 00000000 (xxxxxxxx y_sv)
Error: inputs = 00
 outputs = 00000000 (xxxxxxxx y_sv)
Error: inputs = 00
 outputs = 00000000 (xxxxxxxx y_sv)
Error: inputs = 00
 outputs = 00000000 (xxxxxxxx y_sv)
Error: inputs = 00
 outputs = 00000000 (xxxxxxxx y_sv)
Error: inputs = 00
 outputs = 00000000 (xxxxxxxx y_sv)
Error: inputs = 00
 outputs = 00000000 (xxxxxxxx y_sv)
Error: inputs = 00
 outputs = 00000000 (xxxxxxxx y_sv)
Error: inputs = 00
 outputs = 00000000 (xxxxxxxx y_sv)
Error: inputs = 00
 outputs = 00000000 (xxxxxxxx y_sv)
Error: inputs = 00
 outputs = 00000000 (xxxxxxxx y_sv)
Error: inputs = 00
 outputs = 00000000 (zzzzzzzz y_sv)
Error: inputs = 00
 outputs = 00000000 (xxxxxxxx y_sv)
Error: inputs = 00
 outputs = 00000000 (xxxxxxxx y_sv)
